This file contains any messages produced by compilers while
running configure, to aid debugging if configure makes a mistake.

It was created by jt_sran configure 0.8, which was
generated by GNU Autoconf 2.69.  Invocation command line was

  $ ./configure 

## --------- ##
## Platform. ##
## --------- ##

hostname = localhost.localdomain
uname -m = x86_64
uname -r = 3.10.0-693.el7.x86_64
uname -s = Linux
uname -v = #1 SMP Tue Aug 22 21:09:27 UTC 2017

/usr/bin/uname -p = x86_64
/bin/uname -X     = unknown

/bin/arch              = x86_64
/usr/bin/arch -k       = unknown
/usr/convex/getsysinfo = unknown
/usr/bin/hostinfo      = unknown
/bin/machine           = unknown
/usr/bin/oslevel       = unknown
/bin/universe          = unknown

PATH: /root/perl5/bin
PATH: /usr/lib64/qt-3.3/bin
PATH: /home/rongtao/perl5/bin
PATH: /usr/lib64/mpich/bin
PATH: /usr/local/bin
PATH: /usr/bin
PATH: /usr/local/sbin
PATH: /usr/sbin
PATH: /usr/local/cmake-3.13.0-Linux-x86_64/bin
PATH: /usr/local/node-v10.15.3-linux-x64/bin/
PATH: /usr/local/cwp_su_all_44R14/bin
PATH: /usr/local/cwp_su_all_44R14/bin
PATH: /opt/qtcreator-2.5.0/bin
PATH: /home/rongtao/.local/bin
PATH: /home/rongtao/bin
PATH: /usr/local/cmake-3.13.0-Linux-x86_64/bin
PATH: /work/wangcheng/Zookeeper/apache-zookeeper-3.5.5-bin/bin


## ----------- ##
## Core tests. ##
## ----------- ##

configure:2372: checking for a BSD-compatible install
configure:2440: result: /usr/bin/install -c
configure:2451: checking whether build environment is sane
configure:2506: result: yes
configure:2544: WARNING: 'missing' script is too old or missing
configure:2657: checking for a thread-safe mkdir -p
configure:2696: result: /usr/bin/mkdir -p
configure:2703: checking for gawk
configure:2719: found /usr/bin/gawk
configure:2730: result: gawk
configure:2741: checking whether make sets $(MAKE)
configure:2763: result: yes
configure:2792: checking whether make supports nested variables
configure:2809: result: yes
configure:2952: checking for gcc
configure:2968: found /usr/bin/gcc
configure:2979: result: gcc
configure:3208: checking for C compiler version
configure:3217: gcc --version >&5
gcc (GCC) 4.8.5 20150623 (Red Hat 4.8.5-36)
Copyright (C) 2015 Free Software Foundation, Inc.
This is free software; see the source for copying conditions.  There is NO
warranty; not even for MERCHANTABILITY or FITNESS FOR A PARTICULAR PURPOSE.

configure:3228: $? = 0
configure:3217: gcc -v >&5
Using built-in specs.
COLLECT_GCC=gcc
COLLECT_LTO_WRAPPER=/usr/libexec/gcc/x86_64-redhat-linux/4.8.5/lto-wrapper
Target: x86_64-redhat-linux
Configured with: ../configure --prefix=/usr --mandir=/usr/share/man --infodir=/usr/share/info --with-bugurl=http://bugzilla.redhat.com/bugzilla --enable-bootstrap --enable-shared --enable-threads=posix --enable-checking=release --with-system-zlib --enable-__cxa_atexit --disable-libunwind-exceptions --enable-gnu-unique-object --enable-linker-build-id --with-linker-hash-style=gnu --enable-languages=c,c++,objc,obj-c++,java,fortran,ada,go,lto --enable-plugin --enable-initfini-array --disable-libgcj --with-isl=/builddir/build/BUILD/gcc-4.8.5-20150702/obj-x86_64-redhat-linux/isl-install --with-cloog=/builddir/build/BUILD/gcc-4.8.5-20150702/obj-x86_64-redhat-linux/cloog-install --enable-gnu-indirect-function --with-tune=generic --with-arch_32=x86-64 --build=x86_64-redhat-linux
Thread model: posix
gcc version 4.8.5 20150623 (Red Hat 4.8.5-36) (GCC) 
configure:3228: $? = 0
configure:3217: gcc -V >&5
gcc: error: unrecognized command line option '-V'
gcc: fatal error: no input files
compilation terminated.
configure:3228: $? = 4
configure:3217: gcc -qversion >&5
gcc: error: unrecognized command line option '-qversion'
gcc: fatal error: no input files
compilation terminated.
configure:3228: $? = 4
configure:3248: checking whether the C compiler works
configure:3270: gcc    conftest.c  >&5
configure:3274: $? = 0
configure:3322: result: yes
configure:3325: checking for C compiler default output file name
configure:3327: result: a.out
configure:3333: checking for suffix of executables
configure:3340: gcc -o conftest    conftest.c  >&5
configure:3344: $? = 0
configure:3366: result: 
configure:3388: checking whether we are cross compiling
configure:3396: gcc -o conftest    conftest.c  >&5
configure:3400: $? = 0
configure:3407: ./conftest
configure:3411: $? = 0
configure:3426: result: no
configure:3431: checking for suffix of object files
configure:3453: gcc -c   conftest.c >&5
configure:3457: $? = 0
configure:3478: result: o
configure:3482: checking whether we are using the GNU C compiler
configure:3501: gcc -c   conftest.c >&5
configure:3501: $? = 0
configure:3510: result: yes
configure:3519: checking whether gcc accepts -g
configure:3539: gcc -c -g  conftest.c >&5
configure:3539: $? = 0
configure:3580: result: yes
configure:3597: checking for gcc option to accept ISO C89
configure:3660: gcc  -c -g -O2  conftest.c >&5
configure:3660: $? = 0
configure:3673: result: none needed
configure:3704: checking for style of include used by make
configure:3732: result: GNU
configure:3758: checking dependency style of gcc
configure:3869: result: none
configure:3894: checking how to run the C preprocessor
configure:3925: gcc -E  conftest.c
configure:3925: $? = 0
configure:3939: gcc -E  conftest.c
conftest.c:11:28: fatal error: ac_nonexistent.h: No such file or directory
 #include <ac_nonexistent.h>
                            ^
compilation terminated.
configure:3939: $? = 1
configure: failed program was:
| /* confdefs.h */
| #define PACKAGE_NAME "jt_sran"
| #define PACKAGE_TARNAME "jt_sran"
| #define PACKAGE_VERSION "0.8"
| #define PACKAGE_STRING "jt_sran 0.8"
| #define PACKAGE_BUGREPORT "rongtao@sylincom.com"
| #define PACKAGE_URL ""
| #define PACKAGE "jt_sran"
| #define VERSION "0.8"
| /* end confdefs.h.  */
| #include <ac_nonexistent.h>
configure:3964: result: gcc -E
configure:3984: gcc -E  conftest.c
configure:3984: $? = 0
configure:3998: gcc -E  conftest.c
conftest.c:11:28: fatal error: ac_nonexistent.h: No such file or directory
 #include <ac_nonexistent.h>
                            ^
compilation terminated.
configure:3998: $? = 1
configure: failed program was:
| /* confdefs.h */
| #define PACKAGE_NAME "jt_sran"
| #define PACKAGE_TARNAME "jt_sran"
| #define PACKAGE_VERSION "0.8"
| #define PACKAGE_STRING "jt_sran 0.8"
| #define PACKAGE_BUGREPORT "rongtao@sylincom.com"
| #define PACKAGE_URL ""
| #define PACKAGE "jt_sran"
| #define VERSION "0.8"
| /* end confdefs.h.  */
| #include <ac_nonexistent.h>
configure:4027: checking for grep that handles long lines and -e
configure:4085: result: /usr/bin/grep
configure:4090: checking for egrep
configure:4152: result: /usr/bin/grep -E
configure:4157: checking for ANSI C header files
configure:4177: gcc -c -g -O2  conftest.c >&5
configure:4177: $? = 0
configure:4250: gcc -o conftest -g -O2   conftest.c  >&5
configure:4250: $? = 0
configure:4250: ./conftest
configure:4250: $? = 0
configure:4261: result: yes
configure:4274: checking for sys/types.h
configure:4274: gcc -c -g -O2  conftest.c >&5
configure:4274: $? = 0
configure:4274: result: yes
configure:4274: checking for sys/stat.h
configure:4274: gcc -c -g -O2  conftest.c >&5
configure:4274: $? = 0
configure:4274: result: yes
configure:4274: checking for stdlib.h
configure:4274: gcc -c -g -O2  conftest.c >&5
configure:4274: $? = 0
configure:4274: result: yes
configure:4274: checking for string.h
configure:4274: gcc -c -g -O2  conftest.c >&5
configure:4274: $? = 0
configure:4274: result: yes
configure:4274: checking for memory.h
configure:4274: gcc -c -g -O2  conftest.c >&5
configure:4274: $? = 0
configure:4274: result: yes
configure:4274: checking for strings.h
configure:4274: gcc -c -g -O2  conftest.c >&5
configure:4274: $? = 0
configure:4274: result: yes
configure:4274: checking for inttypes.h
configure:4274: gcc -c -g -O2  conftest.c >&5
configure:4274: $? = 0
configure:4274: result: yes
configure:4274: checking for stdint.h
configure:4274: gcc -c -g -O2  conftest.c >&5
configure:4274: $? = 0
configure:4274: result: yes
configure:4274: checking for unistd.h
configure:4274: gcc -c -g -O2  conftest.c >&5
configure:4274: $? = 0
configure:4274: result: yes
configure:4289: checking mysql/mysql.h usability
configure:4289: gcc -c -g -O2  conftest.c >&5
configure:4289: $? = 0
configure:4289: result: yes
configure:4289: checking mysql/mysql.h presence
configure:4289: gcc -E  conftest.c
configure:4289: $? = 0
configure:4289: result: yes
configure:4289: checking for mysql/mysql.h
configure:4289: result: yes
configure:4289: checking libpq-fe.h usability
configure:4289: gcc -c -g -O2  conftest.c >&5
configure:4289: $? = 0
configure:4289: result: yes
configure:4289: checking libpq-fe.h presence
configure:4289: gcc -E  conftest.c
configure:4289: $? = 0
configure:4289: result: yes
configure:4289: checking for libpq-fe.h
configure:4289: result: yes
configure:4289: checking arpa/inet.h usability
configure:4289: gcc -c -g -O2  conftest.c >&5
configure:4289: $? = 0
configure:4289: result: yes
configure:4289: checking arpa/inet.h presence
configure:4289: gcc -E  conftest.c
configure:4289: $? = 0
configure:4289: result: yes
configure:4289: checking for arpa/inet.h
configure:4289: result: yes
configure:4289: checking fcntl.h usability
configure:4289: gcc -c -g -O2  conftest.c >&5
configure:4289: $? = 0
configure:4289: result: yes
configure:4289: checking fcntl.h presence
configure:4289: gcc -E  conftest.c
configure:4289: $? = 0
configure:4289: result: yes
configure:4289: checking for fcntl.h
configure:4289: result: yes
configure:4289: checking libintl.h usability
configure:4289: gcc -c -g -O2  conftest.c >&5
configure:4289: $? = 0
configure:4289: result: yes
configure:4289: checking libintl.h presence
configure:4289: gcc -E  conftest.c
configure:4289: $? = 0
configure:4289: result: yes
configure:4289: checking for libintl.h
configure:4289: result: yes
configure:4289: checking locale.h usability
configure:4289: gcc -c -g -O2  conftest.c >&5
configure:4289: $? = 0
configure:4289: result: yes
configure:4289: checking locale.h presence
configure:4289: gcc -E  conftest.c
configure:4289: $? = 0
configure:4289: result: yes
configure:4289: checking for locale.h
configure:4289: result: yes
configure:4289: checking malloc.h usability
configure:4289: gcc -c -g -O2  conftest.c >&5
configure:4289: $? = 0
configure:4289: result: yes
configure:4289: checking malloc.h presence
configure:4289: gcc -E  conftest.c
configure:4289: $? = 0
configure:4289: result: yes
configure:4289: checking for malloc.h
configure:4289: result: yes
configure:4289: checking netinet/in.h usability
configure:4289: gcc -c -g -O2  conftest.c >&5
configure:4289: $? = 0
configure:4289: result: yes
configure:4289: checking netinet/in.h presence
configure:4289: gcc -E  conftest.c
configure:4289: $? = 0
configure:4289: result: yes
configure:4289: checking for netinet/in.h
configure:4289: result: yes
configure:4289: checking stddef.h usability
configure:4289: gcc -c -g -O2  conftest.c >&5
configure:4289: $? = 0
configure:4289: result: yes
configure:4289: checking stddef.h presence
configure:4289: gcc -E  conftest.c
configure:4289: $? = 0
configure:4289: result: yes
configure:4289: checking for stddef.h
configure:4289: result: yes
configure:4289: checking for stdint.h
configure:4289: result: yes
configure:4289: checking for stdlib.h
configure:4289: result: yes
configure:4289: checking for string.h
configure:4289: result: yes
configure:4289: checking sys/ioctl.h usability
configure:4289: gcc -c -g -O2  conftest.c >&5
configure:4289: $? = 0
configure:4289: result: yes
configure:4289: checking sys/ioctl.h presence
configure:4289: gcc -E  conftest.c
configure:4289: $? = 0
configure:4289: result: yes
configure:4289: checking for sys/ioctl.h
configure:4289: result: yes
configure:4289: checking sys/socket.h usability
configure:4289: gcc -c -g -O2  conftest.c >&5
configure:4289: $? = 0
configure:4289: result: yes
configure:4289: checking sys/socket.h presence
configure:4289: gcc -E  conftest.c
configure:4289: $? = 0
configure:4289: result: yes
configure:4289: checking for sys/socket.h
configure:4289: result: yes
configure:4289: checking sys/time.h usability
configure:4289: gcc -c -g -O2  conftest.c >&5
configure:4289: $? = 0
configure:4289: result: yes
configure:4289: checking sys/time.h presence
configure:4289: gcc -E  conftest.c
configure:4289: $? = 0
configure:4289: result: yes
configure:4289: checking for sys/time.h
configure:4289: result: yes
configure:4289: checking for unistd.h
configure:4289: result: yes
configure:4301: checking for int16_t
configure:4301: gcc -c -g -O2  conftest.c >&5
configure:4301: $? = 0
configure:4301: gcc -c -g -O2  conftest.c >&5
conftest.c: In function 'main':
conftest.c:74:12: error: size of array 'test_array' is negative
 static int test_array [1 - 2 * !((int16_t) (((((int16_t) 1 << N) << N) - 1) * 2 + 1)
            ^
configure:4301: $? = 1
configure: failed program was:
| /* confdefs.h */
| #define PACKAGE_NAME "jt_sran"
| #define PACKAGE_TARNAME "jt_sran"
| #define PACKAGE_VERSION "0.8"
| #define PACKAGE_STRING "jt_sran 0.8"
| #define PACKAGE_BUGREPORT "rongtao@sylincom.com"
| #define PACKAGE_URL ""
| #define PACKAGE "jt_sran"
| #define VERSION "0.8"
| #define STDC_HEADERS 1
| #define HAVE_SYS_TYPES_H 1
| #define HAVE_SYS_STAT_H 1
| #define HAVE_STDLIB_H 1
| #define HAVE_STRING_H 1
| #define HAVE_MEMORY_H 1
| #define HAVE_STRINGS_H 1
| #define HAVE_INTTYPES_H 1
| #define HAVE_STDINT_H 1
| #define HAVE_UNISTD_H 1
| #define HAVE_MYSQL_MYSQL_H 1
| #define HAVE_LIBPQ_FE_H 1
| #define HAVE_ARPA_INET_H 1
| #define HAVE_FCNTL_H 1
| #define HAVE_LIBINTL_H 1
| #define HAVE_LOCALE_H 1
| #define HAVE_MALLOC_H 1
| #define HAVE_NETINET_IN_H 1
| #define HAVE_STDDEF_H 1
| #define HAVE_STDINT_H 1
| #define HAVE_STDLIB_H 1
| #define HAVE_STRING_H 1
| #define HAVE_SYS_IOCTL_H 1
| #define HAVE_SYS_SOCKET_H 1
| #define HAVE_SYS_TIME_H 1
| #define HAVE_UNISTD_H 1
| /* end confdefs.h.  */
| #include <stdio.h>
| #ifdef HAVE_SYS_TYPES_H
| # include <sys/types.h>
| #endif
| #ifdef HAVE_SYS_STAT_H
| # include <sys/stat.h>
| #endif
| #ifdef STDC_HEADERS
| # include <stdlib.h>
| # include <stddef.h>
| #else
| # ifdef HAVE_STDLIB_H
| #  include <stdlib.h>
| # endif
| #endif
| #ifdef HAVE_STRING_H
| # if !defined STDC_HEADERS && defined HAVE_MEMORY_H
| #  include <memory.h>
| # endif
| # include <string.h>
| #endif
| #ifdef HAVE_STRINGS_H
| # include <strings.h>
| #endif
| #ifdef HAVE_INTTYPES_H
| # include <inttypes.h>
| #endif
| #ifdef HAVE_STDINT_H
| # include <stdint.h>
| #endif
| #ifdef HAVE_UNISTD_H
| # include <unistd.h>
| #endif
| 	        enum { N = 16 / 2 - 1 };
| int
| main ()
| {
| static int test_array [1 - 2 * !((int16_t) (((((int16_t) 1 << N) << N) - 1) * 2 + 1)
| 		 < (int16_t) (((((int16_t) 1 << N) << N) - 1) * 2 + 2))];
| test_array [0] = 0;
| return test_array [0];
| 
|   ;
|   return 0;
| }
configure:4301: result: yes
configure:4312: checking for int32_t
configure:4312: gcc -c -g -O2  conftest.c >&5
configure:4312: $? = 0
configure:4312: gcc -c -g -O2  conftest.c >&5
conftest.c: In function 'main':
conftest.c:75:53: warning: integer overflow in expression [-Woverflow]
    < (int32_t) (((((int32_t) 1 << N) << N) - 1) * 2 + 2))];
                                                     ^
conftest.c:74:12: error: storage size of 'test_array' isn't constant
 static int test_array [1 - 2 * !((int32_t) (((((int32_t) 1 << N) << N) - 1) * 2 + 1)
            ^
configure:4312: $? = 1
configure: failed program was:
| /* confdefs.h */
| #define PACKAGE_NAME "jt_sran"
| #define PACKAGE_TARNAME "jt_sran"
| #define PACKAGE_VERSION "0.8"
| #define PACKAGE_STRING "jt_sran 0.8"
| #define PACKAGE_BUGREPORT "rongtao@sylincom.com"
| #define PACKAGE_URL ""
| #define PACKAGE "jt_sran"
| #define VERSION "0.8"
| #define STDC_HEADERS 1
| #define HAVE_SYS_TYPES_H 1
| #define HAVE_SYS_STAT_H 1
| #define HAVE_STDLIB_H 1
| #define HAVE_STRING_H 1
| #define HAVE_MEMORY_H 1
| #define HAVE_STRINGS_H 1
| #define HAVE_INTTYPES_H 1
| #define HAVE_STDINT_H 1
| #define HAVE_UNISTD_H 1
| #define HAVE_MYSQL_MYSQL_H 1
| #define HAVE_LIBPQ_FE_H 1
| #define HAVE_ARPA_INET_H 1
| #define HAVE_FCNTL_H 1
| #define HAVE_LIBINTL_H 1
| #define HAVE_LOCALE_H 1
| #define HAVE_MALLOC_H 1
| #define HAVE_NETINET_IN_H 1
| #define HAVE_STDDEF_H 1
| #define HAVE_STDINT_H 1
| #define HAVE_STDLIB_H 1
| #define HAVE_STRING_H 1
| #define HAVE_SYS_IOCTL_H 1
| #define HAVE_SYS_SOCKET_H 1
| #define HAVE_SYS_TIME_H 1
| #define HAVE_UNISTD_H 1
| /* end confdefs.h.  */
| #include <stdio.h>
| #ifdef HAVE_SYS_TYPES_H
| # include <sys/types.h>
| #endif
| #ifdef HAVE_SYS_STAT_H
| # include <sys/stat.h>
| #endif
| #ifdef STDC_HEADERS
| # include <stdlib.h>
| # include <stddef.h>
| #else
| # ifdef HAVE_STDLIB_H
| #  include <stdlib.h>
| # endif
| #endif
| #ifdef HAVE_STRING_H
| # if !defined STDC_HEADERS && defined HAVE_MEMORY_H
| #  include <memory.h>
| # endif
| # include <string.h>
| #endif
| #ifdef HAVE_STRINGS_H
| # include <strings.h>
| #endif
| #ifdef HAVE_INTTYPES_H
| # include <inttypes.h>
| #endif
| #ifdef HAVE_STDINT_H
| # include <stdint.h>
| #endif
| #ifdef HAVE_UNISTD_H
| # include <unistd.h>
| #endif
| 	        enum { N = 32 / 2 - 1 };
| int
| main ()
| {
| static int test_array [1 - 2 * !((int32_t) (((((int32_t) 1 << N) << N) - 1) * 2 + 1)
| 		 < (int32_t) (((((int32_t) 1 << N) << N) - 1) * 2 + 2))];
| test_array [0] = 0;
| return test_array [0];
| 
|   ;
|   return 0;
| }
configure:4312: result: yes
configure:4323: checking for int64_t
configure:4323: gcc -c -g -O2  conftest.c >&5
configure:4323: $? = 0
configure:4323: gcc -c -g -O2  conftest.c >&5
conftest.c: In function 'main':
conftest.c:75:53: warning: integer overflow in expression [-Woverflow]
    < (int64_t) (((((int64_t) 1 << N) << N) - 1) * 2 + 2))];
                                                     ^
conftest.c:74:12: error: storage size of 'test_array' isn't constant
 static int test_array [1 - 2 * !((int64_t) (((((int64_t) 1 << N) << N) - 1) * 2 + 1)
            ^
configure:4323: $? = 1
configure: failed program was:
| /* confdefs.h */
| #define PACKAGE_NAME "jt_sran"
| #define PACKAGE_TARNAME "jt_sran"
| #define PACKAGE_VERSION "0.8"
| #define PACKAGE_STRING "jt_sran 0.8"
| #define PACKAGE_BUGREPORT "rongtao@sylincom.com"
| #define PACKAGE_URL ""
| #define PACKAGE "jt_sran"
| #define VERSION "0.8"
| #define STDC_HEADERS 1
| #define HAVE_SYS_TYPES_H 1
| #define HAVE_SYS_STAT_H 1
| #define HAVE_STDLIB_H 1
| #define HAVE_STRING_H 1
| #define HAVE_MEMORY_H 1
| #define HAVE_STRINGS_H 1
| #define HAVE_INTTYPES_H 1
| #define HAVE_STDINT_H 1
| #define HAVE_UNISTD_H 1
| #define HAVE_MYSQL_MYSQL_H 1
| #define HAVE_LIBPQ_FE_H 1
| #define HAVE_ARPA_INET_H 1
| #define HAVE_FCNTL_H 1
| #define HAVE_LIBINTL_H 1
| #define HAVE_LOCALE_H 1
| #define HAVE_MALLOC_H 1
| #define HAVE_NETINET_IN_H 1
| #define HAVE_STDDEF_H 1
| #define HAVE_STDINT_H 1
| #define HAVE_STDLIB_H 1
| #define HAVE_STRING_H 1
| #define HAVE_SYS_IOCTL_H 1
| #define HAVE_SYS_SOCKET_H 1
| #define HAVE_SYS_TIME_H 1
| #define HAVE_UNISTD_H 1
| /* end confdefs.h.  */
| #include <stdio.h>
| #ifdef HAVE_SYS_TYPES_H
| # include <sys/types.h>
| #endif
| #ifdef HAVE_SYS_STAT_H
| # include <sys/stat.h>
| #endif
| #ifdef STDC_HEADERS
| # include <stdlib.h>
| # include <stddef.h>
| #else
| # ifdef HAVE_STDLIB_H
| #  include <stdlib.h>
| # endif
| #endif
| #ifdef HAVE_STRING_H
| # if !defined STDC_HEADERS && defined HAVE_MEMORY_H
| #  include <memory.h>
| # endif
| # include <string.h>
| #endif
| #ifdef HAVE_STRINGS_H
| # include <strings.h>
| #endif
| #ifdef HAVE_INTTYPES_H
| # include <inttypes.h>
| #endif
| #ifdef HAVE_STDINT_H
| # include <stdint.h>
| #endif
| #ifdef HAVE_UNISTD_H
| # include <unistd.h>
| #endif
| 	        enum { N = 64 / 2 - 1 };
| int
| main ()
| {
| static int test_array [1 - 2 * !((int64_t) (((((int64_t) 1 << N) << N) - 1) * 2 + 1)
| 		 < (int64_t) (((((int64_t) 1 << N) << N) - 1) * 2 + 2))];
| test_array [0] = 0;
| return test_array [0];
| 
|   ;
|   return 0;
| }
configure:4323: result: yes
configure:4334: checking for int8_t
configure:4334: gcc -c -g -O2  conftest.c >&5
configure:4334: $? = 0
configure:4334: gcc -c -g -O2  conftest.c >&5
conftest.c: In function 'main':
conftest.c:74:12: error: size of array 'test_array' is negative
 static int test_array [1 - 2 * !((int8_t) (((((int8_t) 1 << N) << N) - 1) * 2 + 1)
            ^
configure:4334: $? = 1
configure: failed program was:
| /* confdefs.h */
| #define PACKAGE_NAME "jt_sran"
| #define PACKAGE_TARNAME "jt_sran"
| #define PACKAGE_VERSION "0.8"
| #define PACKAGE_STRING "jt_sran 0.8"
| #define PACKAGE_BUGREPORT "rongtao@sylincom.com"
| #define PACKAGE_URL ""
| #define PACKAGE "jt_sran"
| #define VERSION "0.8"
| #define STDC_HEADERS 1
| #define HAVE_SYS_TYPES_H 1
| #define HAVE_SYS_STAT_H 1
| #define HAVE_STDLIB_H 1
| #define HAVE_STRING_H 1
| #define HAVE_MEMORY_H 1
| #define HAVE_STRINGS_H 1
| #define HAVE_INTTYPES_H 1
| #define HAVE_STDINT_H 1
| #define HAVE_UNISTD_H 1
| #define HAVE_MYSQL_MYSQL_H 1
| #define HAVE_LIBPQ_FE_H 1
| #define HAVE_ARPA_INET_H 1
| #define HAVE_FCNTL_H 1
| #define HAVE_LIBINTL_H 1
| #define HAVE_LOCALE_H 1
| #define HAVE_MALLOC_H 1
| #define HAVE_NETINET_IN_H 1
| #define HAVE_STDDEF_H 1
| #define HAVE_STDINT_H 1
| #define HAVE_STDLIB_H 1
| #define HAVE_STRING_H 1
| #define HAVE_SYS_IOCTL_H 1
| #define HAVE_SYS_SOCKET_H 1
| #define HAVE_SYS_TIME_H 1
| #define HAVE_UNISTD_H 1
| /* end confdefs.h.  */
| #include <stdio.h>
| #ifdef HAVE_SYS_TYPES_H
| # include <sys/types.h>
| #endif
| #ifdef HAVE_SYS_STAT_H
| # include <sys/stat.h>
| #endif
| #ifdef STDC_HEADERS
| # include <stdlib.h>
| # include <stddef.h>
| #else
| # ifdef HAVE_STDLIB_H
| #  include <stdlib.h>
| # endif
| #endif
| #ifdef HAVE_STRING_H
| # if !defined STDC_HEADERS && defined HAVE_MEMORY_H
| #  include <memory.h>
| # endif
| # include <string.h>
| #endif
| #ifdef HAVE_STRINGS_H
| # include <strings.h>
| #endif
| #ifdef HAVE_INTTYPES_H
| # include <inttypes.h>
| #endif
| #ifdef HAVE_STDINT_H
| # include <stdint.h>
| #endif
| #ifdef HAVE_UNISTD_H
| # include <unistd.h>
| #endif
| 	        enum { N = 8 / 2 - 1 };
| int
| main ()
| {
| static int test_array [1 - 2 * !((int8_t) (((((int8_t) 1 << N) << N) - 1) * 2 + 1)
| 		 < (int8_t) (((((int8_t) 1 << N) << N) - 1) * 2 + 2))];
| test_array [0] = 0;
| return test_array [0];
| 
|   ;
|   return 0;
| }
configure:4334: result: yes
configure:4345: checking for mode_t
configure:4345: gcc -c -g -O2  conftest.c >&5
configure:4345: $? = 0
configure:4345: gcc -c -g -O2  conftest.c >&5
conftest.c: In function 'main':
conftest.c:73:21: error: expected expression before ')' token
 if (sizeof ((mode_t)))
                     ^
configure:4345: $? = 1
configure: failed program was:
| /* confdefs.h */
| #define PACKAGE_NAME "jt_sran"
| #define PACKAGE_TARNAME "jt_sran"
| #define PACKAGE_VERSION "0.8"
| #define PACKAGE_STRING "jt_sran 0.8"
| #define PACKAGE_BUGREPORT "rongtao@sylincom.com"
| #define PACKAGE_URL ""
| #define PACKAGE "jt_sran"
| #define VERSION "0.8"
| #define STDC_HEADERS 1
| #define HAVE_SYS_TYPES_H 1
| #define HAVE_SYS_STAT_H 1
| #define HAVE_STDLIB_H 1
| #define HAVE_STRING_H 1
| #define HAVE_MEMORY_H 1
| #define HAVE_STRINGS_H 1
| #define HAVE_INTTYPES_H 1
| #define HAVE_STDINT_H 1
| #define HAVE_UNISTD_H 1
| #define HAVE_MYSQL_MYSQL_H 1
| #define HAVE_LIBPQ_FE_H 1
| #define HAVE_ARPA_INET_H 1
| #define HAVE_FCNTL_H 1
| #define HAVE_LIBINTL_H 1
| #define HAVE_LOCALE_H 1
| #define HAVE_MALLOC_H 1
| #define HAVE_NETINET_IN_H 1
| #define HAVE_STDDEF_H 1
| #define HAVE_STDINT_H 1
| #define HAVE_STDLIB_H 1
| #define HAVE_STRING_H 1
| #define HAVE_SYS_IOCTL_H 1
| #define HAVE_SYS_SOCKET_H 1
| #define HAVE_SYS_TIME_H 1
| #define HAVE_UNISTD_H 1
| /* end confdefs.h.  */
| #include <stdio.h>
| #ifdef HAVE_SYS_TYPES_H
| # include <sys/types.h>
| #endif
| #ifdef HAVE_SYS_STAT_H
| # include <sys/stat.h>
| #endif
| #ifdef STDC_HEADERS
| # include <stdlib.h>
| # include <stddef.h>
| #else
| # ifdef HAVE_STDLIB_H
| #  include <stdlib.h>
| # endif
| #endif
| #ifdef HAVE_STRING_H
| # if !defined STDC_HEADERS && defined HAVE_MEMORY_H
| #  include <memory.h>
| # endif
| # include <string.h>
| #endif
| #ifdef HAVE_STRINGS_H
| # include <strings.h>
| #endif
| #ifdef HAVE_INTTYPES_H
| # include <inttypes.h>
| #endif
| #ifdef HAVE_STDINT_H
| # include <stdint.h>
| #endif
| #ifdef HAVE_UNISTD_H
| # include <unistd.h>
| #endif
| int
| main ()
| {
| if (sizeof ((mode_t)))
| 	    return 0;
|   ;
|   return 0;
| }
configure:4345: result: yes
configure:4356: checking for pid_t
configure:4356: gcc -c -g -O2  conftest.c >&5
configure:4356: $? = 0
configure:4356: gcc -c -g -O2  conftest.c >&5
conftest.c: In function 'main':
conftest.c:73:20: error: expected expression before ')' token
 if (sizeof ((pid_t)))
                    ^
configure:4356: $? = 1
configure: failed program was:
| /* confdefs.h */
| #define PACKAGE_NAME "jt_sran"
| #define PACKAGE_TARNAME "jt_sran"
| #define PACKAGE_VERSION "0.8"
| #define PACKAGE_STRING "jt_sran 0.8"
| #define PACKAGE_BUGREPORT "rongtao@sylincom.com"
| #define PACKAGE_URL ""
| #define PACKAGE "jt_sran"
| #define VERSION "0.8"
| #define STDC_HEADERS 1
| #define HAVE_SYS_TYPES_H 1
| #define HAVE_SYS_STAT_H 1
| #define HAVE_STDLIB_H 1
| #define HAVE_STRING_H 1
| #define HAVE_MEMORY_H 1
| #define HAVE_STRINGS_H 1
| #define HAVE_INTTYPES_H 1
| #define HAVE_STDINT_H 1
| #define HAVE_UNISTD_H 1
| #define HAVE_MYSQL_MYSQL_H 1
| #define HAVE_LIBPQ_FE_H 1
| #define HAVE_ARPA_INET_H 1
| #define HAVE_FCNTL_H 1
| #define HAVE_LIBINTL_H 1
| #define HAVE_LOCALE_H 1
| #define HAVE_MALLOC_H 1
| #define HAVE_NETINET_IN_H 1
| #define HAVE_STDDEF_H 1
| #define HAVE_STDINT_H 1
| #define HAVE_STDLIB_H 1
| #define HAVE_STRING_H 1
| #define HAVE_SYS_IOCTL_H 1
| #define HAVE_SYS_SOCKET_H 1
| #define HAVE_SYS_TIME_H 1
| #define HAVE_UNISTD_H 1
| /* end confdefs.h.  */
| #include <stdio.h>
| #ifdef HAVE_SYS_TYPES_H
| # include <sys/types.h>
| #endif
| #ifdef HAVE_SYS_STAT_H
| # include <sys/stat.h>
| #endif
| #ifdef STDC_HEADERS
| # include <stdlib.h>
| # include <stddef.h>
| #else
| # ifdef HAVE_STDLIB_H
| #  include <stdlib.h>
| # endif
| #endif
| #ifdef HAVE_STRING_H
| # if !defined STDC_HEADERS && defined HAVE_MEMORY_H
| #  include <memory.h>
| # endif
| # include <string.h>
| #endif
| #ifdef HAVE_STRINGS_H
| # include <strings.h>
| #endif
| #ifdef HAVE_INTTYPES_H
| # include <inttypes.h>
| #endif
| #ifdef HAVE_STDINT_H
| # include <stdint.h>
| #endif
| #ifdef HAVE_UNISTD_H
| # include <unistd.h>
| #endif
| int
| main ()
| {
| if (sizeof ((pid_t)))
| 	    return 0;
|   ;
|   return 0;
| }
configure:4356: result: yes
configure:4367: checking for stdbool.h that conforms to C99
configure:4434: gcc -c -g -O2  conftest.c >&5
configure:4434: $? = 0
configure:4441: result: yes
configure:4443: checking for _Bool
configure:4443: gcc -c -g -O2  conftest.c >&5
configure:4443: $? = 0
configure:4443: gcc -c -g -O2  conftest.c >&5
conftest.c: In function 'main':
conftest.c:73:20: error: expected expression before ')' token
 if (sizeof ((_Bool)))
                    ^
configure:4443: $? = 1
configure: failed program was:
| /* confdefs.h */
| #define PACKAGE_NAME "jt_sran"
| #define PACKAGE_TARNAME "jt_sran"
| #define PACKAGE_VERSION "0.8"
| #define PACKAGE_STRING "jt_sran 0.8"
| #define PACKAGE_BUGREPORT "rongtao@sylincom.com"
| #define PACKAGE_URL ""
| #define PACKAGE "jt_sran"
| #define VERSION "0.8"
| #define STDC_HEADERS 1
| #define HAVE_SYS_TYPES_H 1
| #define HAVE_SYS_STAT_H 1
| #define HAVE_STDLIB_H 1
| #define HAVE_STRING_H 1
| #define HAVE_MEMORY_H 1
| #define HAVE_STRINGS_H 1
| #define HAVE_INTTYPES_H 1
| #define HAVE_STDINT_H 1
| #define HAVE_UNISTD_H 1
| #define HAVE_MYSQL_MYSQL_H 1
| #define HAVE_LIBPQ_FE_H 1
| #define HAVE_ARPA_INET_H 1
| #define HAVE_FCNTL_H 1
| #define HAVE_LIBINTL_H 1
| #define HAVE_LOCALE_H 1
| #define HAVE_MALLOC_H 1
| #define HAVE_NETINET_IN_H 1
| #define HAVE_STDDEF_H 1
| #define HAVE_STDINT_H 1
| #define HAVE_STDLIB_H 1
| #define HAVE_STRING_H 1
| #define HAVE_SYS_IOCTL_H 1
| #define HAVE_SYS_SOCKET_H 1
| #define HAVE_SYS_TIME_H 1
| #define HAVE_UNISTD_H 1
| /* end confdefs.h.  */
| #include <stdio.h>
| #ifdef HAVE_SYS_TYPES_H
| # include <sys/types.h>
| #endif
| #ifdef HAVE_SYS_STAT_H
| # include <sys/stat.h>
| #endif
| #ifdef STDC_HEADERS
| # include <stdlib.h>
| # include <stddef.h>
| #else
| # ifdef HAVE_STDLIB_H
| #  include <stdlib.h>
| # endif
| #endif
| #ifdef HAVE_STRING_H
| # if !defined STDC_HEADERS && defined HAVE_MEMORY_H
| #  include <memory.h>
| # endif
| # include <string.h>
| #endif
| #ifdef HAVE_STRINGS_H
| # include <strings.h>
| #endif
| #ifdef HAVE_INTTYPES_H
| # include <inttypes.h>
| #endif
| #ifdef HAVE_STDINT_H
| # include <stdint.h>
| #endif
| #ifdef HAVE_UNISTD_H
| # include <unistd.h>
| #endif
| int
| main ()
| {
| if (sizeof ((_Bool)))
| 	    return 0;
|   ;
|   return 0;
| }
configure:4443: result: yes
configure:4454: checking for uint16_t
configure:4454: gcc -c -g -O2  conftest.c >&5
configure:4454: $? = 0
configure:4454: result: yes
configure:4466: checking for uint32_t
configure:4466: gcc -c -g -O2  conftest.c >&5
configure:4466: $? = 0
configure:4466: result: yes
configure:4480: checking for uint64_t
configure:4480: gcc -c -g -O2  conftest.c >&5
configure:4480: $? = 0
configure:4480: result: yes
configure:4494: checking for uint8_t
configure:4494: gcc -c -g -O2  conftest.c >&5
configure:4494: $? = 0
configure:4494: result: yes
configure:4510: checking for error_at_line
configure:4526: gcc -o conftest -g -O2   conftest.c  >&5
configure:4526: $? = 0
configure:4534: result: yes
configure:4547: checking for stdlib.h
configure:4547: result: yes
configure:4557: checking for GNU libc compatible malloc
configure:4581: gcc -o conftest -g -O2   conftest.c  >&5
configure:4581: $? = 0
configure:4581: ./conftest
configure:4581: $? = 0
configure:4591: result: yes
configure:4615: checking for bzero
configure:4615: gcc -o conftest -g -O2   conftest.c  >&5
conftest.c:63:6: warning: conflicting types for built-in function 'bzero' [enabled by default]
 char bzero ();
      ^
configure:4615: $? = 0
configure:4615: result: yes
configure:4615: checking for getcwd
configure:4615: gcc -o conftest -g -O2   conftest.c  >&5
configure:4615: $? = 0
configure:4615: result: yes
configure:4615: checking for inet_ntoa
configure:4615: gcc -o conftest -g -O2   conftest.c  >&5
configure:4615: $? = 0
configure:4615: result: yes
configure:4615: checking for rpmatch
configure:4615: gcc -o conftest -g -O2   conftest.c  >&5
configure:4615: $? = 0
configure:4615: result: yes
configure:4615: checking for select
configure:4615: gcc -o conftest -g -O2   conftest.c  >&5
configure:4615: $? = 0
configure:4615: result: yes
configure:4615: checking for strerror
configure:4615: gcc -o conftest -g -O2   conftest.c  >&5
configure:4615: $? = 0
configure:4615: result: yes
configure:4737: checking that generated files are newer than configure
configure:4743: result: done
configure:4766: creating ./config.status

## ---------------------- ##
## Running config.status. ##
## ---------------------- ##

This file was extended by jt_sran config.status 0.8, which was
generated by GNU Autoconf 2.69.  Invocation command line was

  CONFIG_FILES    = 
  CONFIG_HEADERS  = 
  CONFIG_LINKS    = 
  CONFIG_COMMANDS = 
  $ ./config.status 

on localhost.localdomain

config.status:877: creating Makefile
config.status:877: creating config.h
config.status:1106: executing depfiles commands

## ---------------- ##
## Cache variables. ##
## ---------------- ##

ac_cv_c_compiler_gnu=yes
ac_cv_c_int16_t=yes
ac_cv_c_int32_t=yes
ac_cv_c_int64_t=yes
ac_cv_c_int8_t=yes
ac_cv_c_uint16_t=yes
ac_cv_c_uint32_t=yes
ac_cv_c_uint64_t=yes
ac_cv_c_uint8_t=yes
ac_cv_env_CC_set=
ac_cv_env_CC_value=
ac_cv_env_CFLAGS_set=
ac_cv_env_CFLAGS_value=
ac_cv_env_CPPFLAGS_set=
ac_cv_env_CPPFLAGS_value=
ac_cv_env_CPP_set=
ac_cv_env_CPP_value=
ac_cv_env_LDFLAGS_set=
ac_cv_env_LDFLAGS_value=
ac_cv_env_LIBS_set=
ac_cv_env_LIBS_value=
ac_cv_env_build_alias_set=
ac_cv_env_build_alias_value=
ac_cv_env_host_alias_set=
ac_cv_env_host_alias_value=
ac_cv_env_target_alias_set=
ac_cv_env_target_alias_value=
ac_cv_func_bzero=yes
ac_cv_func_getcwd=yes
ac_cv_func_inet_ntoa=yes
ac_cv_func_malloc_0_nonnull=yes
ac_cv_func_rpmatch=yes
ac_cv_func_select=yes
ac_cv_func_strerror=yes
ac_cv_header_arpa_inet_h=yes
ac_cv_header_fcntl_h=yes
ac_cv_header_inttypes_h=yes
ac_cv_header_libintl_h=yes
ac_cv_header_libpq_fe_h=yes
ac_cv_header_locale_h=yes
ac_cv_header_malloc_h=yes
ac_cv_header_memory_h=yes
ac_cv_header_mysql_mysql_h=yes
ac_cv_header_netinet_in_h=yes
ac_cv_header_stdbool_h=yes
ac_cv_header_stdc=yes
ac_cv_header_stddef_h=yes
ac_cv_header_stdint_h=yes
ac_cv_header_stdlib_h=yes
ac_cv_header_string_h=yes
ac_cv_header_strings_h=yes
ac_cv_header_sys_ioctl_h=yes
ac_cv_header_sys_socket_h=yes
ac_cv_header_sys_stat_h=yes
ac_cv_header_sys_time_h=yes
ac_cv_header_sys_types_h=yes
ac_cv_header_unistd_h=yes
ac_cv_lib_error_at_line=yes
ac_cv_objext=o
ac_cv_path_EGREP='/usr/bin/grep -E'
ac_cv_path_GREP=/usr/bin/grep
ac_cv_path_install='/usr/bin/install -c'
ac_cv_path_mkdir=/usr/bin/mkdir
ac_cv_prog_AWK=gawk
ac_cv_prog_CPP='gcc -E'
ac_cv_prog_ac_ct_CC=gcc
ac_cv_prog_cc_c89=
ac_cv_prog_cc_g=yes
ac_cv_prog_make_make_set=yes
ac_cv_type__Bool=yes
ac_cv_type_mode_t=yes
ac_cv_type_pid_t=yes
am_cv_CC_dependencies_compiler_type=none
am_cv_make_support_nested_variables=yes

## ----------------- ##
## Output variables. ##
## ----------------- ##

ACLOCAL='aclocal-1.13'
AMDEPBACKSLASH='\'
AMDEP_FALSE='#'
AMDEP_TRUE=''
AMTAR='$${TAR-tar}'
AM_BACKSLASH='\'
AM_DEFAULT_V='$(AM_DEFAULT_VERBOSITY)'
AM_DEFAULT_VERBOSITY='1'
AM_V='$(V)'
AUTOCONF='autoconf'
AUTOHEADER='autoheader'
AUTOMAKE='automake-1.13'
AWK='gawk'
CC='gcc'
CCDEPMODE='depmode=none'
CFLAGS='-g -O2'
CPP='gcc -E'
CPPFLAGS=''
CYGPATH_W='echo'
DEFS='-DHAVE_CONFIG_H'
DEPDIR='.deps'
ECHO_C=''
ECHO_N='-n'
ECHO_T=''
EGREP='/usr/bin/grep -E'
EXEEXT=''
GREP='/usr/bin/grep'
INSTALL_DATA='${INSTALL} -m 644'
INSTALL_PROGRAM='${INSTALL}'
INSTALL_SCRIPT='${INSTALL}'
INSTALL_STRIP_PROGRAM='$(install_sh) -c -s'
LDFLAGS=''
LIBOBJS=''
LIBS=''
LTLIBOBJS=''
MAKEINFO='makeinfo'
MKDIR_P='/usr/bin/mkdir -p'
OBJEXT='o'
PACKAGE='jt_sran'
PACKAGE_BUGREPORT='rongtao@sylincom.com'
PACKAGE_NAME='jt_sran'
PACKAGE_STRING='jt_sran 0.8'
PACKAGE_TARNAME='jt_sran'
PACKAGE_URL=''
PACKAGE_VERSION='0.8'
PATH_SEPARATOR=':'
SET_MAKE=''
SHELL='/bin/sh'
STRIP=''
VERSION='0.8'
ac_ct_CC='gcc'
am__EXEEXT_FALSE=''
am__EXEEXT_TRUE='#'
am__fastdepCC_FALSE=''
am__fastdepCC_TRUE='#'
am__include='include'
am__isrc=''
am__leading_dot='.'
am__nodep='_no'
am__quote=''
am__tar='$${TAR-tar} chof - "$$tardir"'
am__untar='$${TAR-tar} xf -'
bindir='${exec_prefix}/bin'
build_alias=''
datadir='${datarootdir}'
datarootdir='${prefix}/share'
docdir='${datarootdir}/doc/${PACKAGE_TARNAME}'
dvidir='${docdir}'
exec_prefix='${prefix}'
host_alias=''
htmldir='${docdir}'
includedir='${prefix}/include'
infodir='${datarootdir}/info'
install_sh='${SHELL} /work/workspace/test/make/automake/jt_sran-vos/install-sh'
libdir='${exec_prefix}/lib'
libexecdir='${exec_prefix}/libexec'
localedir='${datarootdir}/locale'
localstatedir='${prefix}/var'
mandir='${datarootdir}/man'
mkdir_p='$(MKDIR_P)'
oldincludedir='/usr/include'
pdfdir='${docdir}'
prefix='/usr/local'
program_transform_name='s,x,x,'
psdir='${docdir}'
sbindir='${exec_prefix}/sbin'
sharedstatedir='${prefix}/com'
sysconfdir='${prefix}/etc'
target_alias=''

## ----------- ##
## confdefs.h. ##
## ----------- ##

/* confdefs.h */
#define PACKAGE_NAME "jt_sran"
#define PACKAGE_TARNAME "jt_sran"
#define PACKAGE_VERSION "0.8"
#define PACKAGE_STRING "jt_sran 0.8"
#define PACKAGE_BUGREPORT "rongtao@sylincom.com"
#define PACKAGE_URL ""
#define PACKAGE "jt_sran"
#define VERSION "0.8"
#define STDC_HEADERS 1
#define HAVE_SYS_TYPES_H 1
#define HAVE_SYS_STAT_H 1
#define HAVE_STDLIB_H 1
#define HAVE_STRING_H 1
#define HAVE_MEMORY_H 1
#define HAVE_STRINGS_H 1
#define HAVE_INTTYPES_H 1
#define HAVE_STDINT_H 1
#define HAVE_UNISTD_H 1
#define HAVE_MYSQL_MYSQL_H 1
#define HAVE_LIBPQ_FE_H 1
#define HAVE_ARPA_INET_H 1
#define HAVE_FCNTL_H 1
#define HAVE_LIBINTL_H 1
#define HAVE_LOCALE_H 1
#define HAVE_MALLOC_H 1
#define HAVE_NETINET_IN_H 1
#define HAVE_STDDEF_H 1
#define HAVE_STDINT_H 1
#define HAVE_STDLIB_H 1
#define HAVE_STRING_H 1
#define HAVE_SYS_IOCTL_H 1
#define HAVE_SYS_SOCKET_H 1
#define HAVE_SYS_TIME_H 1
#define HAVE_UNISTD_H 1
#define HAVE__BOOL 1
#define HAVE_STDLIB_H 1
#define HAVE_MALLOC 1
#define HAVE_BZERO 1
#define HAVE_GETCWD 1
#define HAVE_INET_NTOA 1
#define HAVE_RPMATCH 1
#define HAVE_SELECT 1
#define HAVE_STRERROR 1

configure: exit 0

## ---------------------- ##
## Running config.status. ##
## ---------------------- ##

This file was extended by jt_sran config.status 0.8, which was
generated by GNU Autoconf 2.69.  Invocation command line was

  CONFIG_FILES    = 
  CONFIG_HEADERS  = 
  CONFIG_LINKS    = 
  CONFIG_COMMANDS = 
  $ ./config.status config.h

on localhost.localdomain

config.status:877: creating config.h
config.status:1058: config.h is unchanged
