This file contains any messages produced by compilers while
running configure, to aid debugging if configure makes a mistake.

It was created by udpMulticast configure 1.0, which was
generated by GNU Autoconf 2.69.  Invocation command line was

  $ ./configure --no-create --no-recursion

## --------- ##
## Platform. ##
## --------- ##

hostname = localhost.localdomain
uname -m = x86_64
uname -r = 5.9.1
uname -s = Linux
uname -v = #1 SMP Tue Oct 20 09:41:29 CST 2020

/usr/bin/uname -p = x86_64
/bin/uname -X     = unknown

/bin/arch              = x86_64
/usr/bin/arch -k       = unknown
/usr/convex/getsysinfo = unknown
/usr/bin/hostinfo      = unknown
/bin/machine           = unknown
/usr/bin/oslevel       = unknown
/bin/universe          = unknown

PATH: /root/perl5/bin
PATH: /usr/lib64/qt-3.3/bin
PATH: /home/rongtao/perl5/bin
PATH: /usr/lib64/mpich/bin
PATH: /usr/lib64/ccache
PATH: /usr/local/bin
PATH: /usr/bin
PATH: /usr/local/sbin
PATH: /usr/sbin
PATH: /usr/local/cmake-3.13.0-Linux-x86_64/bin
PATH: /usr/local/node-v10.15.3-linux-x64/bin/
PATH: /usr/local/cwp_su_all_44R14/bin
PATH: /usr/local/cwp_su_all_44R14/bin
PATH: /opt/qtcreator-2.5.0/bin
PATH: /home/rongtao/.local/bin
PATH: /home/rongtao/bin
PATH: /usr/local/cmake-3.13.0-Linux-x86_64/bin
PATH: /work/wangcheng/Zookeeper/apache-zookeeper-3.5.5-bin/bin
PATH: /usr/local/DPDK-stable-18.02.2//usertools
PATH: /opt/jboss-4.2.2.GA/bin


## ----------- ##
## Core tests. ##
## ----------- ##

configure:2188: checking for a BSD-compatible install
configure:2256: result: /usr/bin/install -c
configure:2267: checking whether build environment is sane
configure:2322: result: yes
configure:2360: WARNING: 'missing' script is too old or missing
configure:2473: checking for a thread-safe mkdir -p
configure:2512: result: /usr/bin/mkdir -p
configure:2519: checking for gawk
configure:2535: found /usr/bin/gawk
configure:2546: result: gawk
configure:2557: checking whether make sets $(MAKE)
configure:2579: result: yes
configure:2608: checking whether make supports nested variables
configure:2625: result: yes
configure:2765: checking for gcc
configure:2781: found /usr/lib64/ccache/gcc
configure:2792: result: gcc
configure:3021: checking for C compiler version
configure:3030: gcc --version >&5
gcc (GCC) 4.8.5 20150623 (Red Hat 4.8.5-39)
Copyright (C) 2015 Free Software Foundation, Inc.
This is free software; see the source for copying conditions.  There is NO
warranty; not even for MERCHANTABILITY or FITNESS FOR A PARTICULAR PURPOSE.

configure:3041: $? = 0
configure:3030: gcc -v >&5
Using built-in specs.
COLLECT_GCC=/usr/bin/gcc
COLLECT_LTO_WRAPPER=/usr/libexec/gcc/x86_64-redhat-linux/4.8.5/lto-wrapper
Target: x86_64-redhat-linux
Configured with: ../configure --prefix=/usr --mandir=/usr/share/man --infodir=/usr/share/info --with-bugurl=http://bugzilla.redhat.com/bugzilla --enable-bootstrap --enable-shared --enable-threads=posix --enable-checking=release --with-system-zlib --enable-__cxa_atexit --disable-libunwind-exceptions --enable-gnu-unique-object --enable-linker-build-id --with-linker-hash-style=gnu --enable-languages=c,c++,objc,obj-c++,java,fortran,ada,go,lto --enable-plugin --enable-initfini-array --disable-libgcj --with-isl=/builddir/build/BUILD/gcc-4.8.5-20150702/obj-x86_64-redhat-linux/isl-install --with-cloog=/builddir/build/BUILD/gcc-4.8.5-20150702/obj-x86_64-redhat-linux/cloog-install --enable-gnu-indirect-function --with-tune=generic --with-arch_32=x86-64 --build=x86_64-redhat-linux
Thread model: posix
gcc version 4.8.5 20150623 (Red Hat 4.8.5-39) (GCC) 
configure:3041: $? = 0
configure:3030: gcc -V >&5
gcc: error: unrecognized command line option '-V'
gcc: fatal error: no input files
compilation terminated.
configure:3041: $? = 4
configure:3030: gcc -qversion >&5
gcc: error: unrecognized command line option '-qversion'
gcc: fatal error: no input files
compilation terminated.
configure:3041: $? = 4
configure:3061: checking whether the C compiler works
configure:3083: gcc    conftest.c  >&5
configure:3087: $? = 0
configure:3135: result: yes
configure:3138: checking for C compiler default output file name
configure:3140: result: a.out
configure:3146: checking for suffix of executables
configure:3153: gcc -o conftest    conftest.c  >&5
configure:3157: $? = 0
configure:3179: result: 
configure:3201: checking whether we are cross compiling
configure:3209: gcc -o conftest    conftest.c  >&5
configure:3213: $? = 0
configure:3220: ./conftest
configure:3224: $? = 0
configure:3239: result: no
configure:3244: checking for suffix of object files
configure:3266: gcc -c   conftest.c >&5
configure:3270: $? = 0
configure:3291: result: o
configure:3295: checking whether we are using the GNU C compiler
configure:3314: gcc -c   conftest.c >&5
configure:3314: $? = 0
configure:3323: result: yes
configure:3332: checking whether gcc accepts -g
configure:3352: gcc -c -g  conftest.c >&5
configure:3352: $? = 0
configure:3393: result: yes
configure:3410: checking for gcc option to accept ISO C89
configure:3473: gcc  -c -g -O2  conftest.c >&5
configure:3473: $? = 0
configure:3486: result: none needed
configure:3517: checking for style of include used by make
configure:3545: result: GNU
configure:3571: checking dependency style of gcc
configure:3682: result: none
configure:3707: checking how to run the C preprocessor
configure:3738: gcc -E  conftest.c
configure:3738: $? = 0
configure:3752: gcc -E  conftest.c
conftest.c:11:28: fatal error: ac_nonexistent.h: No such file or directory
 #include <ac_nonexistent.h>
                            ^
compilation terminated.
configure:3752: $? = 1
configure: failed program was:
| /* confdefs.h */
| #define PACKAGE_NAME "udpMulticast"
| #define PACKAGE_TARNAME "udpmulticast"
| #define PACKAGE_VERSION "1.0"
| #define PACKAGE_STRING "udpMulticast 1.0"
| #define PACKAGE_BUGREPORT "RongTao@sylincom.com"
| #define PACKAGE_URL ""
| #define PACKAGE "udpMulticast"
| #define VERSION "1.0"
| /* end confdefs.h.  */
| #include <ac_nonexistent.h>
configure:3777: result: gcc -E
configure:3797: gcc -E  conftest.c
configure:3797: $? = 0
configure:3811: gcc -E  conftest.c
conftest.c:11:28: fatal error: ac_nonexistent.h: No such file or directory
 #include <ac_nonexistent.h>
                            ^
compilation terminated.
configure:3811: $? = 1
configure: failed program was:
| /* confdefs.h */
| #define PACKAGE_NAME "udpMulticast"
| #define PACKAGE_TARNAME "udpmulticast"
| #define PACKAGE_VERSION "1.0"
| #define PACKAGE_STRING "udpMulticast 1.0"
| #define PACKAGE_BUGREPORT "RongTao@sylincom.com"
| #define PACKAGE_URL ""
| #define PACKAGE "udpMulticast"
| #define VERSION "1.0"
| /* end confdefs.h.  */
| #include <ac_nonexistent.h>
configure:3840: checking for grep that handles long lines and -e
configure:3898: result: /usr/bin/grep
configure:3903: checking for egrep
configure:3965: result: /usr/bin/grep -E
configure:3970: checking for ANSI C header files
configure:3990: gcc -c -g -O2  conftest.c >&5
configure:3990: $? = 0
configure:4063: gcc -o conftest -g -O2   conftest.c  >&5
configure:4063: $? = 0
configure:4063: ./conftest
configure:4063: $? = 0
configure:4074: result: yes
configure:4087: checking for sys/types.h
configure:4087: gcc -c -g -O2  conftest.c >&5
configure:4087: $? = 0
configure:4087: result: yes
configure:4087: checking for sys/stat.h
configure:4087: gcc -c -g -O2  conftest.c >&5
configure:4087: $? = 0
configure:4087: result: yes
configure:4087: checking for stdlib.h
configure:4087: gcc -c -g -O2  conftest.c >&5
configure:4087: $? = 0
configure:4087: result: yes
configure:4087: checking for string.h
configure:4087: gcc -c -g -O2  conftest.c >&5
configure:4087: $? = 0
configure:4087: result: yes
configure:4087: checking for memory.h
configure:4087: gcc -c -g -O2  conftest.c >&5
configure:4087: $? = 0
configure:4087: result: yes
configure:4087: checking for strings.h
configure:4087: gcc -c -g -O2  conftest.c >&5
configure:4087: $? = 0
configure:4087: result: yes
configure:4087: checking for inttypes.h
configure:4087: gcc -c -g -O2  conftest.c >&5
configure:4087: $? = 0
configure:4087: result: yes
configure:4087: checking for stdint.h
configure:4087: gcc -c -g -O2  conftest.c >&5
configure:4087: $? = 0
configure:4087: result: yes
configure:4087: checking for unistd.h
configure:4087: gcc -c -g -O2  conftest.c >&5
configure:4087: $? = 0
configure:4087: result: yes
configure:4102: checking arpa/inet.h usability
configure:4102: gcc -c -g -O2  conftest.c >&5
configure:4102: $? = 0
configure:4102: result: yes
configure:4102: checking arpa/inet.h presence
configure:4102: gcc -E  conftest.c
configure:4102: $? = 0
configure:4102: result: yes
configure:4102: checking for arpa/inet.h
configure:4102: result: yes
configure:4102: checking for stdlib.h
configure:4102: result: yes
configure:4102: checking for string.h
configure:4102: result: yes
configure:4102: checking sys/socket.h usability
configure:4102: gcc -c -g -O2  conftest.c >&5
configure:4102: $? = 0
configure:4102: result: yes
configure:4102: checking sys/socket.h presence
configure:4102: gcc -E  conftest.c
configure:4102: $? = 0
configure:4102: result: yes
configure:4102: checking for sys/socket.h
configure:4102: result: yes
configure:4119: checking for memset
configure:4119: gcc -o conftest -g -O2   conftest.c  >&5
conftest.c:48:6: warning: conflicting types for built-in function 'memset' [enabled by default]
 char memset ();
      ^
configure:4119: $? = 0
configure:4119: result: yes
configure:4119: checking for socket
configure:4119: gcc -o conftest -g -O2   conftest.c  >&5
configure:4119: $? = 0
configure:4119: result: yes
configure:4238: checking that generated files are newer than configure
configure:4244: result: done
configure:4267: creating ./config.status

## ---------------- ##
## Cache variables. ##
## ---------------- ##

ac_cv_c_compiler_gnu=yes
ac_cv_env_CC_set=
ac_cv_env_CC_value=
ac_cv_env_CFLAGS_set=
ac_cv_env_CFLAGS_value=
ac_cv_env_CPPFLAGS_set=
ac_cv_env_CPPFLAGS_value=
ac_cv_env_CPP_set=
ac_cv_env_CPP_value=
ac_cv_env_LDFLAGS_set=
ac_cv_env_LDFLAGS_value=
ac_cv_env_LIBS_set=
ac_cv_env_LIBS_value=
ac_cv_env_build_alias_set=
ac_cv_env_build_alias_value=
ac_cv_env_host_alias_set=
ac_cv_env_host_alias_value=
ac_cv_env_target_alias_set=
ac_cv_env_target_alias_value=
ac_cv_func_memset=yes
ac_cv_func_socket=yes
ac_cv_header_arpa_inet_h=yes
ac_cv_header_inttypes_h=yes
ac_cv_header_memory_h=yes
ac_cv_header_stdc=yes
ac_cv_header_stdint_h=yes
ac_cv_header_stdlib_h=yes
ac_cv_header_string_h=yes
ac_cv_header_strings_h=yes
ac_cv_header_sys_socket_h=yes
ac_cv_header_sys_stat_h=yes
ac_cv_header_sys_types_h=yes
ac_cv_header_unistd_h=yes
ac_cv_objext=o
ac_cv_path_EGREP='/usr/bin/grep -E'
ac_cv_path_GREP=/usr/bin/grep
ac_cv_path_install='/usr/bin/install -c'
ac_cv_path_mkdir=/usr/bin/mkdir
ac_cv_prog_AWK=gawk
ac_cv_prog_CPP='gcc -E'
ac_cv_prog_ac_ct_CC=gcc
ac_cv_prog_cc_c89=
ac_cv_prog_cc_g=yes
ac_cv_prog_make_make_set=yes
am_cv_CC_dependencies_compiler_type=none
am_cv_make_support_nested_variables=yes

## ----------------- ##
## Output variables. ##
## ----------------- ##

ACLOCAL='aclocal-1.13'
AMDEPBACKSLASH='\'
AMDEP_FALSE='#'
AMDEP_TRUE=''
AMTAR='$${TAR-tar}'
AM_BACKSLASH='\'
AM_DEFAULT_V='$(AM_DEFAULT_VERBOSITY)'
AM_DEFAULT_VERBOSITY='1'
AM_V='$(V)'
AUTOCONF='autoconf'
AUTOHEADER='autoheader'
AUTOMAKE='automake-1.13'
AWK='gawk'
CC='gcc'
CCDEPMODE='depmode=none'
CFLAGS='-g -O2'
CPP='gcc -E'
CPPFLAGS=''
CYGPATH_W='echo'
DEFS='-DHAVE_CONFIG_H'
DEPDIR='.deps'
ECHO_C=''
ECHO_N='-n'
ECHO_T=''
EGREP='/usr/bin/grep -E'
EXEEXT=''
GREP='/usr/bin/grep'
INSTALL_DATA='${INSTALL} -m 644'
INSTALL_PROGRAM='${INSTALL}'
INSTALL_SCRIPT='${INSTALL}'
INSTALL_STRIP_PROGRAM='$(install_sh) -c -s'
LDFLAGS=''
LIBOBJS=''
LIBS=''
LTLIBOBJS=''
MAKEINFO='makeinfo'
MKDIR_P='/usr/bin/mkdir -p'
OBJEXT='o'
PACKAGE='udpMulticast'
PACKAGE_BUGREPORT='RongTao@sylincom.com'
PACKAGE_NAME='udpMulticast'
PACKAGE_STRING='udpMulticast 1.0'
PACKAGE_TARNAME='udpmulticast'
PACKAGE_URL=''
PACKAGE_VERSION='1.0'
PATH_SEPARATOR=':'
SET_MAKE=''
SHELL='/bin/sh'
STRIP=''
VERSION='1.0'
ac_ct_CC='gcc'
am__EXEEXT_FALSE=''
am__EXEEXT_TRUE='#'
am__fastdepCC_FALSE=''
am__fastdepCC_TRUE='#'
am__include='include'
am__isrc=''
am__leading_dot='.'
am__nodep='_no'
am__quote=''
am__tar='$${TAR-tar} chof - "$$tardir"'
am__untar='$${TAR-tar} xf -'
bindir='${exec_prefix}/bin'
build_alias=''
datadir='${datarootdir}'
datarootdir='${prefix}/share'
docdir='${datarootdir}/doc/${PACKAGE_TARNAME}'
dvidir='${docdir}'
exec_prefix='${prefix}'
host_alias=''
htmldir='${docdir}'
includedir='${prefix}/include'
infodir='${datarootdir}/info'
install_sh='${SHELL} /root/test/ipc/socket/udp-multicast-configure/install-sh'
libdir='${exec_prefix}/lib'
libexecdir='${exec_prefix}/libexec'
localedir='${datarootdir}/locale'
localstatedir='${prefix}/var'
mandir='${datarootdir}/man'
mkdir_p='$(MKDIR_P)'
oldincludedir='/usr/include'
pdfdir='${docdir}'
prefix='/usr/local'
program_transform_name='s,x,x,'
psdir='${docdir}'
sbindir='${exec_prefix}/sbin'
sharedstatedir='${prefix}/com'
sysconfdir='${prefix}/etc'
target_alias=''

## ----------- ##
## confdefs.h. ##
## ----------- ##

/* confdefs.h */
#define PACKAGE_NAME "udpMulticast"
#define PACKAGE_TARNAME "udpmulticast"
#define PACKAGE_VERSION "1.0"
#define PACKAGE_STRING "udpMulticast 1.0"
#define PACKAGE_BUGREPORT "RongTao@sylincom.com"
#define PACKAGE_URL ""
#define PACKAGE "udpMulticast"
#define VERSION "1.0"
#define STDC_HEADERS 1
#define HAVE_SYS_TYPES_H 1
#define HAVE_SYS_STAT_H 1
#define HAVE_STDLIB_H 1
#define HAVE_STRING_H 1
#define HAVE_MEMORY_H 1
#define HAVE_STRINGS_H 1
#define HAVE_INTTYPES_H 1
#define HAVE_STDINT_H 1
#define HAVE_UNISTD_H 1
#define HAVE_ARPA_INET_H 1
#define HAVE_STDLIB_H 1
#define HAVE_STRING_H 1
#define HAVE_SYS_SOCKET_H 1
#define HAVE_MEMSET 1
#define HAVE_SOCKET 1

configure: exit 0

## ---------------------- ##
## Running config.status. ##
## ---------------------- ##

This file was extended by udpMulticast config.status 1.0, which was
generated by GNU Autoconf 2.69.  Invocation command line was

  CONFIG_FILES    = 
  CONFIG_HEADERS  = 
  CONFIG_LINKS    = 
  CONFIG_COMMANDS = 
  $ ./config.status 

on localhost.localdomain

config.status:858: creating Makefile
config.status:858: creating config.h
config.status:1039: config.h is unchanged
config.status:1087: executing depfiles commands

## ---------------------- ##
## Running config.status. ##
## ---------------------- ##

This file was extended by udpMulticast config.status 1.0, which was
generated by GNU Autoconf 2.69.  Invocation command line was

  CONFIG_FILES    = 
  CONFIG_HEADERS  = 
  CONFIG_LINKS    = 
  CONFIG_COMMANDS = 
  $ ./config.status config.h

on localhost.localdomain

config.status:858: creating config.h
