This file contains any messages produced by compilers while
running configure, to aid debugging if configure makes a mistake.

It was created by OMDeployChk configure 0.1, which was
generated by GNU Autoconf 2.69.  Invocation command line was

  $ ./configure 

## --------- ##
## Platform. ##
## --------- ##

hostname = localhost.localdomain
uname -m = x86_64
uname -r = 3.10.0-693.el7.x86_64
uname -s = Linux
uname -v = #1 SMP Tue Aug 22 21:09:27 UTC 2017

/usr/bin/uname -p = x86_64
/bin/uname -X     = unknown

/bin/arch              = x86_64
/usr/bin/arch -k       = unknown
/usr/convex/getsysinfo = unknown
/usr/bin/hostinfo      = unknown
/bin/machine           = unknown
/usr/bin/oslevel       = unknown
/bin/universe          = unknown

PATH: /root/perl5/bin
PATH: /usr/lib64/qt-3.3/bin
PATH: /home/rongtao/perl5/bin
PATH: /usr/local/bin
PATH: /usr/bin
PATH: /usr/local/sbin
PATH: /usr/sbin
PATH: /usr/local/node-v10.15.3-linux-x64/bin/
PATH: /usr/local/cwp_su_all_44R14/bin
PATH: /usr/local/cwp_su_all_44R14/bin
PATH: /opt/qtcreator-2.5.0/bin
PATH: /home/rongtao/.local/bin
PATH: /home/rongtao/bin
PATH: /work/wangcheng/Zookeeper/apache-zookeeper-3.5.5-bin/bin


## ----------- ##
## Core tests. ##
## ----------- ##

configure:2270: checking for gcc
configure:2286: found /usr/bin/gcc
configure:2297: result: gcc
configure:2526: checking for C compiler version
configure:2535: gcc --version >&5
gcc (GCC) 4.8.5 20150623 (Red Hat 4.8.5-36)
Copyright (C) 2015 Free Software Foundation, Inc.
This is free software; see the source for copying conditions.  There is NO
warranty; not even for MERCHANTABILITY or FITNESS FOR A PARTICULAR PURPOSE.

configure:2546: $? = 0
configure:2535: gcc -v >&5
Using built-in specs.
COLLECT_GCC=gcc
COLLECT_LTO_WRAPPER=/usr/libexec/gcc/x86_64-redhat-linux/4.8.5/lto-wrapper
Target: x86_64-redhat-linux
Configured with: ../configure --prefix=/usr --mandir=/usr/share/man --infodir=/usr/share/info --with-bugurl=http://bugzilla.redhat.com/bugzilla --enable-bootstrap --enable-shared --enable-threads=posix --enable-checking=release --with-system-zlib --enable-__cxa_atexit --disable-libunwind-exceptions --enable-gnu-unique-object --enable-linker-build-id --with-linker-hash-style=gnu --enable-languages=c,c++,objc,obj-c++,java,fortran,ada,go,lto --enable-plugin --enable-initfini-array --disable-libgcj --with-isl=/builddir/build/BUILD/gcc-4.8.5-20150702/obj-x86_64-redhat-linux/isl-install --with-cloog=/builddir/build/BUILD/gcc-4.8.5-20150702/obj-x86_64-redhat-linux/cloog-install --enable-gnu-indirect-function --with-tune=generic --with-arch_32=x86-64 --build=x86_64-redhat-linux
Thread model: posix
gcc version 4.8.5 20150623 (Red Hat 4.8.5-36) (GCC) 
configure:2546: $? = 0
configure:2535: gcc -V >&5
gcc: error: unrecognized command line option '-V'
gcc: fatal error: no input files
compilation terminated.
configure:2546: $? = 4
configure:2535: gcc -qversion >&5
gcc: error: unrecognized command line option '-qversion'
gcc: fatal error: no input files
compilation terminated.
configure:2546: $? = 4
configure:2566: checking whether the C compiler works
configure:2588: gcc    conftest.c  >&5
configure:2592: $? = 0
configure:2640: result: yes
configure:2643: checking for C compiler default output file name
configure:2645: result: a.out
configure:2651: checking for suffix of executables
configure:2658: gcc -o conftest    conftest.c  >&5
configure:2662: $? = 0
configure:2684: result: 
configure:2706: checking whether we are cross compiling
configure:2714: gcc -o conftest    conftest.c  >&5
configure:2718: $? = 0
configure:2725: ./conftest
configure:2729: $? = 0
configure:2744: result: no
configure:2749: checking for suffix of object files
configure:2771: gcc -c   conftest.c >&5
configure:2775: $? = 0
configure:2796: result: o
configure:2800: checking whether we are using the GNU C compiler
configure:2819: gcc -c   conftest.c >&5
configure:2819: $? = 0
configure:2828: result: yes
configure:2837: checking whether gcc accepts -g
configure:2857: gcc -c -g  conftest.c >&5
configure:2857: $? = 0
configure:2898: result: yes
configure:2915: checking for gcc option to accept ISO C89
configure:2978: gcc  -c -g -O2  conftest.c >&5
configure:2978: $? = 0
configure:2991: result: none needed
configure:3012: checking for grep that handles long lines and -e
configure:3070: result: /usr/bin/grep
configure:3075: checking for a sed that does not truncate output
configure:3139: result: /usr/bin/sed
configure:3149: checking for pow in -lm
configure:3174: gcc -o conftest -g -O2   conftest.c -lm   >&5
conftest.c:16:6: warning: conflicting types for built-in function 'pow' [enabled by default]
 char pow ();
      ^
configure:3174: $? = 0
configure:3183: result: yes
configure:3198: checking how to run the C preprocessor
configure:3229: gcc -E  conftest.c
configure:3229: $? = 0
configure:3243: gcc -E  conftest.c
conftest.c:9:28: fatal error: ac_nonexistent.h: No such file or directory
 #include <ac_nonexistent.h>
                            ^
compilation terminated.
configure:3243: $? = 1
configure: failed program was:
| /* confdefs.h */
| #define PACKAGE_NAME "OMDeployChk"
| #define PACKAGE_TARNAME "omdeploychk"
| #define PACKAGE_VERSION "0.1"
| #define PACKAGE_STRING "OMDeployChk 0.1"
| #define PACKAGE_BUGREPORT "rongtao@sylincom.com"
| #define PACKAGE_URL ""
| /* end confdefs.h.  */
| #include <ac_nonexistent.h>
configure:3268: result: gcc -E
configure:3288: gcc -E  conftest.c
configure:3288: $? = 0
configure:3302: gcc -E  conftest.c
conftest.c:9:28: fatal error: ac_nonexistent.h: No such file or directory
 #include <ac_nonexistent.h>
                            ^
compilation terminated.
configure:3302: $? = 1
configure: failed program was:
| /* confdefs.h */
| #define PACKAGE_NAME "OMDeployChk"
| #define PACKAGE_TARNAME "omdeploychk"
| #define PACKAGE_VERSION "0.1"
| #define PACKAGE_STRING "OMDeployChk 0.1"
| #define PACKAGE_BUGREPORT "rongtao@sylincom.com"
| #define PACKAGE_URL ""
| /* end confdefs.h.  */
| #include <ac_nonexistent.h>
configure:3331: checking for egrep
configure:3393: result: /usr/bin/grep -E
configure:3398: checking for ANSI C header files
configure:3418: gcc -c -g -O2  conftest.c >&5
configure:3418: $? = 0
configure:3491: gcc -o conftest -g -O2   conftest.c  >&5
configure:3491: $? = 0
configure:3491: ./conftest
configure:3491: $? = 0
configure:3502: result: yes
configure:3515: checking for sys/types.h
configure:3515: gcc -c -g -O2  conftest.c >&5
configure:3515: $? = 0
configure:3515: result: yes
configure:3515: checking for sys/stat.h
configure:3515: gcc -c -g -O2  conftest.c >&5
configure:3515: $? = 0
configure:3515: result: yes
configure:3515: checking for stdlib.h
configure:3515: gcc -c -g -O2  conftest.c >&5
configure:3515: $? = 0
configure:3515: result: yes
configure:3515: checking for string.h
configure:3515: gcc -c -g -O2  conftest.c >&5
configure:3515: $? = 0
configure:3515: result: yes
configure:3515: checking for memory.h
configure:3515: gcc -c -g -O2  conftest.c >&5
configure:3515: $? = 0
configure:3515: result: yes
configure:3515: checking for strings.h
configure:3515: gcc -c -g -O2  conftest.c >&5
configure:3515: $? = 0
configure:3515: result: yes
configure:3515: checking for inttypes.h
configure:3515: gcc -c -g -O2  conftest.c >&5
configure:3515: $? = 0
configure:3515: result: yes
configure:3515: checking for stdint.h
configure:3515: gcc -c -g -O2  conftest.c >&5
configure:3515: $? = 0
configure:3515: result: yes
configure:3515: checking for unistd.h
configure:3515: gcc -c -g -O2  conftest.c >&5
configure:3515: $? = 0
configure:3515: result: yes
configure:3527: checking for mq_open in -lrt
configure:3552: gcc -o conftest -g -O2   conftest.c -lrt   >&5
configure:3552: $? = 0
configure:3561: result: yes
configure:3565: checking mqueue.h usability
configure:3565: gcc -c -g -O2  conftest.c >&5
configure:3565: $? = 0
configure:3565: result: yes
configure:3565: checking mqueue.h presence
configure:3565: gcc -E  conftest.c
configure:3565: $? = 0
configure:3565: result: yes
configure:3565: checking for mqueue.h
configure:3565: result: yes
configure:3581: checking for dlopen in -ldl
configure:3606: gcc -o conftest -g -O2   conftest.c -ldl   >&5
configure:3606: $? = 0
configure:3615: result: yes
configure:3619: checking dlfcn.h usability
configure:3619: gcc -c -g -O2  conftest.c >&5
configure:3619: $? = 0
configure:3619: result: yes
configure:3619: checking dlfcn.h presence
configure:3619: gcc -E  conftest.c
configure:3619: $? = 0
configure:3619: result: yes
configure:3619: checking for dlfcn.h
configure:3619: result: yes
configure:3636: checking for xmlReadFile in -lxml2
configure:3661: gcc -o conftest -g -O2   conftest.c -lxml2   >&5
configure:3661: $? = 0
configure:3670: result: yes
configure:3686: checking for pthread_create in -lpthread
configure:3711: gcc -o conftest -g -O2   conftest.c -lpthread   >&5
configure:3711: $? = 0
configure:3720: result: yes
configure:3730: checking for  in -lconfig
configure:3755: gcc -o conftest -g -O2   conftest.c -lconfig   >&5
conftest.c:26:8: error: expected identifier or '(' before ')' token
 char  ();
        ^
conftest.c: In function 'main':
conftest.c:30:10: error: expected expression before ')' token
 return  ();
          ^
configure:3755: $? = 1
configure: failed program was:
| /* confdefs.h */
| #define PACKAGE_NAME "OMDeployChk"
| #define PACKAGE_TARNAME "omdeploychk"
| #define PACKAGE_VERSION "0.1"
| #define PACKAGE_STRING "OMDeployChk 0.1"
| #define PACKAGE_BUGREPORT "rongtao@sylincom.com"
| #define PACKAGE_URL ""
| #define STDC_HEADERS 1
| #define HAVE_SYS_TYPES_H 1
| #define HAVE_SYS_STAT_H 1
| #define HAVE_STDLIB_H 1
| #define HAVE_STRING_H 1
| #define HAVE_MEMORY_H 1
| #define HAVE_STRINGS_H 1
| #define HAVE_INTTYPES_H 1
| #define HAVE_STDINT_H 1
| #define HAVE_UNISTD_H 1
| /* end confdefs.h.  */
| 
| /* Override any GCC internal prototype to avoid an error.
|    Use char because int might match the return type of a GCC
|    builtin and then its argument prototype would still apply.  */
| #ifdef __cplusplus
| extern "C"
| #endif
| char  ();
| int
| main ()
| {
| return  ();
|   ;
|   return 0;
| }
configure:3764: result: no
configure:3777: checking mysql/mysql.h usability
configure:3777: gcc -c -g -O2  conftest.c >&5
configure:3777: $? = 0
configure:3777: result: yes
configure:3777: checking mysql/mysql.h presence
configure:3777: gcc -E  conftest.c
configure:3777: $? = 0
configure:3777: result: yes
configure:3777: checking for mysql/mysql.h
configure:3777: result: yes
configure:3786: checking for stdbool.h that conforms to C99
configure:3853: gcc -c -g -O2  conftest.c >&5
configure:3853: $? = 0
configure:3860: result: yes
configure:3862: checking for _Bool
configure:3862: gcc -c -g -O2  conftest.c >&5
configure:3862: $? = 0
configure:3862: gcc -c -g -O2  conftest.c >&5
conftest.c: In function 'main':
conftest.c:55:20: error: expected expression before ')' token
 if (sizeof ((_Bool)))
                    ^
configure:3862: $? = 1
configure: failed program was:
| /* confdefs.h */
| #define PACKAGE_NAME "OMDeployChk"
| #define PACKAGE_TARNAME "omdeploychk"
| #define PACKAGE_VERSION "0.1"
| #define PACKAGE_STRING "OMDeployChk 0.1"
| #define PACKAGE_BUGREPORT "rongtao@sylincom.com"
| #define PACKAGE_URL ""
| #define STDC_HEADERS 1
| #define HAVE_SYS_TYPES_H 1
| #define HAVE_SYS_STAT_H 1
| #define HAVE_STDLIB_H 1
| #define HAVE_STRING_H 1
| #define HAVE_MEMORY_H 1
| #define HAVE_STRINGS_H 1
| #define HAVE_INTTYPES_H 1
| #define HAVE_STDINT_H 1
| #define HAVE_UNISTD_H 1
| /* end confdefs.h.  */
| #include <stdio.h>
| #ifdef HAVE_SYS_TYPES_H
| # include <sys/types.h>
| #endif
| #ifdef HAVE_SYS_STAT_H
| # include <sys/stat.h>
| #endif
| #ifdef STDC_HEADERS
| # include <stdlib.h>
| # include <stddef.h>
| #else
| # ifdef HAVE_STDLIB_H
| #  include <stdlib.h>
| # endif
| #endif
| #ifdef HAVE_STRING_H
| # if !defined STDC_HEADERS && defined HAVE_MEMORY_H
| #  include <memory.h>
| # endif
| # include <string.h>
| #endif
| #ifdef HAVE_STRINGS_H
| # include <strings.h>
| #endif
| #ifdef HAVE_INTTYPES_H
| # include <inttypes.h>
| #endif
| #ifdef HAVE_STDINT_H
| # include <stdint.h>
| #endif
| #ifdef HAVE_UNISTD_H
| # include <unistd.h>
| #endif
| int
| main ()
| {
| if (sizeof ((_Bool)))
| 	    return 0;
|   ;
|   return 0;
| }
configure:3862: result: yes
configure:3873: checking for ANSI C header files
configure:3977: result: yes
configure:3987: checking for int16_t
configure:3987: gcc -c -g -O2  conftest.c >&5
configure:3987: $? = 0
configure:3987: gcc -c -g -O2  conftest.c >&5
conftest.c: In function 'main':
conftest.c:58:12: error: size of array 'test_array' is negative
 static int test_array [1 - 2 * !((int16_t) (((((int16_t) 1 << N) << N) - 1) * 2 + 1)
            ^
configure:3987: $? = 1
configure: failed program was:
| /* confdefs.h */
| #define PACKAGE_NAME "OMDeployChk"
| #define PACKAGE_TARNAME "omdeploychk"
| #define PACKAGE_VERSION "0.1"
| #define PACKAGE_STRING "OMDeployChk 0.1"
| #define PACKAGE_BUGREPORT "rongtao@sylincom.com"
| #define PACKAGE_URL ""
| #define STDC_HEADERS 1
| #define HAVE_SYS_TYPES_H 1
| #define HAVE_SYS_STAT_H 1
| #define HAVE_STDLIB_H 1
| #define HAVE_STRING_H 1
| #define HAVE_MEMORY_H 1
| #define HAVE_STRINGS_H 1
| #define HAVE_INTTYPES_H 1
| #define HAVE_STDINT_H 1
| #define HAVE_UNISTD_H 1
| #define HAVE__BOOL 1
| #define STDC_HEADERS 1
| /* end confdefs.h.  */
| #include <stdio.h>
| #ifdef HAVE_SYS_TYPES_H
| # include <sys/types.h>
| #endif
| #ifdef HAVE_SYS_STAT_H
| # include <sys/stat.h>
| #endif
| #ifdef STDC_HEADERS
| # include <stdlib.h>
| # include <stddef.h>
| #else
| # ifdef HAVE_STDLIB_H
| #  include <stdlib.h>
| # endif
| #endif
| #ifdef HAVE_STRING_H
| # if !defined STDC_HEADERS && defined HAVE_MEMORY_H
| #  include <memory.h>
| # endif
| # include <string.h>
| #endif
| #ifdef HAVE_STRINGS_H
| # include <strings.h>
| #endif
| #ifdef HAVE_INTTYPES_H
| # include <inttypes.h>
| #endif
| #ifdef HAVE_STDINT_H
| # include <stdint.h>
| #endif
| #ifdef HAVE_UNISTD_H
| # include <unistd.h>
| #endif
| 	        enum { N = 16 / 2 - 1 };
| int
| main ()
| {
| static int test_array [1 - 2 * !((int16_t) (((((int16_t) 1 << N) << N) - 1) * 2 + 1)
| 		 < (int16_t) (((((int16_t) 1 << N) << N) - 1) * 2 + 2))];
| test_array [0] = 0;
| return test_array [0];
| 
|   ;
|   return 0;
| }
configure:3987: result: yes
configure:3998: checking for int64_t
configure:3998: gcc -c -g -O2  conftest.c >&5
configure:3998: $? = 0
configure:3998: gcc -c -g -O2  conftest.c >&5
conftest.c: In function 'main':
conftest.c:59:53: warning: integer overflow in expression [-Woverflow]
    < (int64_t) (((((int64_t) 1 << N) << N) - 1) * 2 + 2))];
                                                     ^
conftest.c:58:12: error: storage size of 'test_array' isn't constant
 static int test_array [1 - 2 * !((int64_t) (((((int64_t) 1 << N) << N) - 1) * 2 + 1)
            ^
configure:3998: $? = 1
configure: failed program was:
| /* confdefs.h */
| #define PACKAGE_NAME "OMDeployChk"
| #define PACKAGE_TARNAME "omdeploychk"
| #define PACKAGE_VERSION "0.1"
| #define PACKAGE_STRING "OMDeployChk 0.1"
| #define PACKAGE_BUGREPORT "rongtao@sylincom.com"
| #define PACKAGE_URL ""
| #define STDC_HEADERS 1
| #define HAVE_SYS_TYPES_H 1
| #define HAVE_SYS_STAT_H 1
| #define HAVE_STDLIB_H 1
| #define HAVE_STRING_H 1
| #define HAVE_MEMORY_H 1
| #define HAVE_STRINGS_H 1
| #define HAVE_INTTYPES_H 1
| #define HAVE_STDINT_H 1
| #define HAVE_UNISTD_H 1
| #define HAVE__BOOL 1
| #define STDC_HEADERS 1
| /* end confdefs.h.  */
| #include <stdio.h>
| #ifdef HAVE_SYS_TYPES_H
| # include <sys/types.h>
| #endif
| #ifdef HAVE_SYS_STAT_H
| # include <sys/stat.h>
| #endif
| #ifdef STDC_HEADERS
| # include <stdlib.h>
| # include <stddef.h>
| #else
| # ifdef HAVE_STDLIB_H
| #  include <stdlib.h>
| # endif
| #endif
| #ifdef HAVE_STRING_H
| # if !defined STDC_HEADERS && defined HAVE_MEMORY_H
| #  include <memory.h>
| # endif
| # include <string.h>
| #endif
| #ifdef HAVE_STRINGS_H
| # include <strings.h>
| #endif
| #ifdef HAVE_INTTYPES_H
| # include <inttypes.h>
| #endif
| #ifdef HAVE_STDINT_H
| # include <stdint.h>
| #endif
| #ifdef HAVE_UNISTD_H
| # include <unistd.h>
| #endif
| 	        enum { N = 64 / 2 - 1 };
| int
| main ()
| {
| static int test_array [1 - 2 * !((int64_t) (((((int64_t) 1 << N) << N) - 1) * 2 + 1)
| 		 < (int64_t) (((((int64_t) 1 << N) << N) - 1) * 2 + 2))];
| test_array [0] = 0;
| return test_array [0];
| 
|   ;
|   return 0;
| }
configure:3998: result: yes
configure:4013: checking for stdlib.h
configure:4013: result: yes
configure:4023: checking for GNU libc compatible malloc
configure:4047: gcc -o conftest -g -O2   conftest.c  >&5
configure:4047: $? = 0
configure:4047: ./conftest
configure:4047: $? = 0
configure:4057: result: yes
configure:4081: checking for bzero
configure:4081: gcc -o conftest -g -O2   conftest.c  >&5
conftest.c:46:6: warning: conflicting types for built-in function 'bzero' [enabled by default]
 char bzero ();
      ^
configure:4081: $? = 0
configure:4081: result: yes
configure:4081: checking for getcwd
configure:4081: gcc -o conftest -g -O2   conftest.c  >&5
configure:4081: $? = 0
configure:4081: result: yes
configure:4081: checking for inet_ntoa
configure:4081: gcc -o conftest -g -O2   conftest.c  >&5
configure:4081: $? = 0
configure:4081: result: yes
configure:4081: checking for rpmatch
configure:4081: gcc -o conftest -g -O2   conftest.c  >&5
configure:4081: $? = 0
configure:4081: result: yes
configure:4081: checking for select
configure:4081: gcc -o conftest -g -O2   conftest.c  >&5
configure:4081: $? = 0
configure:4081: result: yes
configure:4081: checking for strerror
configure:4081: gcc -o conftest -g -O2   conftest.c  >&5
configure:4081: $? = 0
configure:4081: result: yes
configure:4206: creating ./config.status

## ---------------------- ##
## Running config.status. ##
## ---------------------- ##

This file was extended by OMDeployChk config.status 0.1, which was
generated by GNU Autoconf 2.69.  Invocation command line was

  CONFIG_FILES    = 
  CONFIG_HEADERS  = 
  CONFIG_LINKS    = 
  CONFIG_COMMANDS = 
  $ ./config.status 

on localhost.localdomain

config.status:684: creating omdeploychk_config.h
config.status:774: omdeploychk_config.h is unchanged

## ---------------- ##
## Cache variables. ##
## ---------------- ##

ac_cv_c_compiler_gnu=yes
ac_cv_c_int16_t=yes
ac_cv_c_int64_t=yes
ac_cv_env_CC_set=
ac_cv_env_CC_value=
ac_cv_env_CFLAGS_set=
ac_cv_env_CFLAGS_value=
ac_cv_env_CPPFLAGS_set=
ac_cv_env_CPPFLAGS_value=
ac_cv_env_CPP_set=
ac_cv_env_CPP_value=
ac_cv_env_LDFLAGS_set=
ac_cv_env_LDFLAGS_value=
ac_cv_env_LIBS_set=
ac_cv_env_LIBS_value=
ac_cv_env_build_alias_set=
ac_cv_env_build_alias_value=
ac_cv_env_host_alias_set=
ac_cv_env_host_alias_value=
ac_cv_env_target_alias_set=
ac_cv_env_target_alias_value=
ac_cv_func_bzero=yes
ac_cv_func_getcwd=yes
ac_cv_func_inet_ntoa=yes
ac_cv_func_malloc_0_nonnull=yes
ac_cv_func_rpmatch=yes
ac_cv_func_select=yes
ac_cv_func_strerror=yes
ac_cv_header_dlfcn_h=yes
ac_cv_header_inttypes_h=yes
ac_cv_header_memory_h=yes
ac_cv_header_mqueue_h=yes
ac_cv_header_mysql_mysql_h=yes
ac_cv_header_stdbool_h=yes
ac_cv_header_stdc=yes
ac_cv_header_stdint_h=yes
ac_cv_header_stdlib_h=yes
ac_cv_header_string_h=yes
ac_cv_header_strings_h=yes
ac_cv_header_sys_stat_h=yes
ac_cv_header_sys_types_h=yes
ac_cv_header_unistd_h=yes
ac_cv_lib_config_=no
ac_cv_lib_dl_dlopen=yes
ac_cv_lib_m_pow=yes
ac_cv_lib_pthread_pthread_create=yes
ac_cv_lib_rt_mq_open=yes
ac_cv_lib_xml2_xmlReadFile=yes
ac_cv_objext=o
ac_cv_path_EGREP='/usr/bin/grep -E'
ac_cv_path_GREP=/usr/bin/grep
ac_cv_path_SED=/usr/bin/sed
ac_cv_prog_CPP='gcc -E'
ac_cv_prog_ac_ct_CC=gcc
ac_cv_prog_cc_c89=
ac_cv_prog_cc_g=yes
ac_cv_type__Bool=yes

## ----------------- ##
## Output variables. ##
## ----------------- ##

CC='gcc'
CFLAGS='-g -O2'
CPP='gcc -E'
CPPFLAGS=''
DEFS='-DHAVE_CONFIG_H'
ECHO_C=''
ECHO_N='-n'
ECHO_T=''
EGREP='/usr/bin/grep -E'
EXEEXT=''
GREP='/usr/bin/grep'
LDFLAGS=''
LIBOBJS=''
LIBS=''
LTLIBOBJS=''
OBJEXT='o'
PACKAGE_BUGREPORT='rongtao@sylincom.com'
PACKAGE_NAME='OMDeployChk'
PACKAGE_STRING='OMDeployChk 0.1'
PACKAGE_TARNAME='omdeploychk'
PACKAGE_URL=''
PACKAGE_VERSION='0.1'
PATH_SEPARATOR=':'
SED='/usr/bin/sed'
SHELL='/bin/sh'
ac_ct_CC='gcc'
bindir='${exec_prefix}/bin'
build_alias=''
datadir='${datarootdir}'
datarootdir='${prefix}/share'
docdir='${datarootdir}/doc/${PACKAGE_TARNAME}'
dvidir='${docdir}'
exec_prefix='${prefix}'
host_alias=''
htmldir='${docdir}'
includedir='${prefix}/include'
infodir='${datarootdir}/info'
libdir='${exec_prefix}/lib'
libexecdir='${exec_prefix}/libexec'
localedir='${datarootdir}/locale'
localstatedir='${prefix}/var'
mandir='${datarootdir}/man'
oldincludedir='/usr/include'
pdfdir='${docdir}'
prefix='/usr/local'
program_transform_name='s,x,x,'
psdir='${docdir}'
sbindir='${exec_prefix}/sbin'
sharedstatedir='${prefix}/com'
sysconfdir='${prefix}/etc'
target_alias=''

## ----------- ##
## confdefs.h. ##
## ----------- ##

/* confdefs.h */
#define PACKAGE_NAME "OMDeployChk"
#define PACKAGE_TARNAME "omdeploychk"
#define PACKAGE_VERSION "0.1"
#define PACKAGE_STRING "OMDeployChk 0.1"
#define PACKAGE_BUGREPORT "rongtao@sylincom.com"
#define PACKAGE_URL ""
#define STDC_HEADERS 1
#define HAVE_SYS_TYPES_H 1
#define HAVE_SYS_STAT_H 1
#define HAVE_STDLIB_H 1
#define HAVE_STRING_H 1
#define HAVE_MEMORY_H 1
#define HAVE_STRINGS_H 1
#define HAVE_INTTYPES_H 1
#define HAVE_STDINT_H 1
#define HAVE_UNISTD_H 1
#define HAVE__BOOL 1
#define STDC_HEADERS 1
#define HAVE_STDLIB_H 1
#define HAVE_MALLOC 1
#define HAVE_BZERO 1
#define HAVE_GETCWD 1
#define HAVE_INET_NTOA 1
#define HAVE_RPMATCH 1
#define HAVE_SELECT 1
#define HAVE_STRERROR 1

configure: exit 0
