This file contains any messages produced by compilers while
running configure, to aid debugging if configure makes a mistake.

It was created by main configure 1.0.0, which was
generated by GNU Autoconf 2.69.  Invocation command line was

  $ configure 

## --------- ##
## Platform. ##
## --------- ##

hostname = localhost.localdomain
uname -m = x86_64
uname -r = 3.10.0-693.el7.x86_64
uname -s = Linux
uname -v = #1 SMP Tue Aug 22 21:09:27 UTC 2017

/usr/bin/uname -p = x86_64
/bin/uname -X     = unknown

/bin/arch              = x86_64
/usr/bin/arch -k       = unknown
/usr/convex/getsysinfo = unknown
/usr/bin/hostinfo      = unknown
/bin/machine           = unknown
/usr/bin/oslevel       = unknown
/bin/universe          = unknown

PATH: /usr/lib64/qt-3.3/bin
PATH: /home/rongtao/perl5/bin
PATH: /usr/local/bin
PATH: /usr/bin
PATH: /usr/local/sbin
PATH: /usr/sbin
PATH: /usr/local/cwp_su_all_44R14/bin
PATH: /home/rongtao/.local/bin
PATH: /home/rongtao/bin


## ----------- ##
## Core tests. ##
## ----------- ##

configure:2296: checking for a BSD-compatible install
configure:2364: result: /usr/bin/install -c
configure:2375: checking whether build environment is sane
configure:2430: result: yes
configure:2581: checking for a thread-safe mkdir -p
configure:2620: result: /usr/bin/mkdir -p
configure:2627: checking for gawk
configure:2643: found /usr/bin/gawk
configure:2654: result: gawk
configure:2665: checking whether make sets $(MAKE)
configure:2687: result: yes
configure:2716: checking whether make supports nested variables
configure:2733: result: yes
configure:2873: checking for gcc
configure:2889: found /usr/bin/gcc
configure:2900: result: gcc
configure:3129: checking for C compiler version
configure:3138: gcc --version >&5
gcc (GCC) 4.8.5 20150623 (Red Hat 4.8.5-16)
Copyright (C) 2015 Free Software Foundation, Inc.
This is free software; see the source for copying conditions.  There is NO
warranty; not even for MERCHANTABILITY or FITNESS FOR A PARTICULAR PURPOSE.

configure:3149: $? = 0
configure:3138: gcc -v >&5
Using built-in specs.
COLLECT_GCC=gcc
COLLECT_LTO_WRAPPER=/usr/libexec/gcc/x86_64-redhat-linux/4.8.5/lto-wrapper
Target: x86_64-redhat-linux
Configured with: ../configure --prefix=/usr --mandir=/usr/share/man --infodir=/usr/share/info --with-bugurl=http://bugzilla.redhat.com/bugzilla --enable-bootstrap --enable-shared --enable-threads=posix --enable-checking=release --with-system-zlib --enable-__cxa_atexit --disable-libunwind-exceptions --enable-gnu-unique-object --enable-linker-build-id --with-linker-hash-style=gnu --enable-languages=c,c++,objc,obj-c++,java,fortran,ada,go,lto --enable-plugin --enable-initfini-array --disable-libgcj --with-isl=/builddir/build/BUILD/gcc-4.8.5-20150702/obj-x86_64-redhat-linux/isl-install --with-cloog=/builddir/build/BUILD/gcc-4.8.5-20150702/obj-x86_64-redhat-linux/cloog-install --enable-gnu-indirect-function --with-tune=generic --with-arch_32=x86-64 --build=x86_64-redhat-linux
Thread model: posix
gcc version 4.8.5 20150623 (Red Hat 4.8.5-16) (GCC) 
configure:3149: $? = 0
configure:3138: gcc -V >&5
gcc: error: unrecognized command line option '-V'
gcc: fatal error: no input files
compilation terminated.
configure:3149: $? = 4
configure:3138: gcc -qversion >&5
gcc: error: unrecognized command line option '-qversion'
gcc: fatal error: no input files
compilation terminated.
configure:3149: $? = 4
configure:3169: checking whether the C compiler works
configure:3191: gcc    conftest.c  >&5
configure:3195: $? = 0
configure:3243: result: yes
configure:3246: checking for C compiler default output file name
configure:3248: result: a.out
configure:3254: checking for suffix of executables
configure:3261: gcc -o conftest    conftest.c  >&5
configure:3265: $? = 0
configure:3287: result: 
configure:3309: checking whether we are cross compiling
configure:3317: gcc -o conftest    conftest.c  >&5
configure:3321: $? = 0
configure:3328: ./conftest
configure:3332: $? = 0
configure:3347: result: no
configure:3352: checking for suffix of object files
configure:3374: gcc -c   conftest.c >&5
configure:3378: $? = 0
configure:3399: result: o
configure:3403: checking whether we are using the GNU C compiler
configure:3422: gcc -c   conftest.c >&5
configure:3422: $? = 0
configure:3431: result: yes
configure:3440: checking whether gcc accepts -g
configure:3460: gcc -c -g  conftest.c >&5
configure:3460: $? = 0
configure:3501: result: yes
configure:3518: checking for gcc option to accept ISO C89
configure:3581: gcc  -c -g -O2  conftest.c >&5
configure:3581: $? = 0
configure:3594: result: none needed
configure:3625: checking for style of include used by make
configure:3653: result: GNU
configure:3679: checking dependency style of gcc
configure:3790: result: gcc3
configure:3809: checking for main in -lm
configure:3828: gcc -o conftest -g -O2   conftest.c -lm   >&5
configure:3828: $? = 0
configure:3837: result: yes
configure:3849: checking for main in -lxml2
configure:3868: gcc -o conftest -g -O2   conftest.c -lxml2  -lm  >&5
configure:3868: $? = 0
configure:3877: result: yes
configure:3895: checking how to run the C preprocessor
configure:3926: gcc -E  conftest.c
configure:3926: $? = 0
configure:3940: gcc -E  conftest.c
conftest.c:13:28: fatal error: ac_nonexistent.h: No such file or directory
 #include <ac_nonexistent.h>
                            ^
compilation terminated.
configure:3940: $? = 1
configure: failed program was:
| /* confdefs.h */
| #define PACKAGE_NAME "main"
| #define PACKAGE_TARNAME "main"
| #define PACKAGE_VERSION "1.0.0"
| #define PACKAGE_STRING "main 1.0.0"
| #define PACKAGE_BUGREPORT "RongTao@sylincom.com"
| #define PACKAGE_URL ""
| #define PACKAGE "main"
| #define VERSION "1.0.0"
| #define HAVE_LIBM 1
| #define HAVE_LIBXML2 1
| /* end confdefs.h.  */
| #include <ac_nonexistent.h>
configure:3965: result: gcc -E
configure:3985: gcc -E  conftest.c
configure:3985: $? = 0
configure:3999: gcc -E  conftest.c
conftest.c:13:28: fatal error: ac_nonexistent.h: No such file or directory
 #include <ac_nonexistent.h>
                            ^
compilation terminated.
configure:3999: $? = 1
configure: failed program was:
| /* confdefs.h */
| #define PACKAGE_NAME "main"
| #define PACKAGE_TARNAME "main"
| #define PACKAGE_VERSION "1.0.0"
| #define PACKAGE_STRING "main 1.0.0"
| #define PACKAGE_BUGREPORT "RongTao@sylincom.com"
| #define PACKAGE_URL ""
| #define PACKAGE "main"
| #define VERSION "1.0.0"
| #define HAVE_LIBM 1
| #define HAVE_LIBXML2 1
| /* end confdefs.h.  */
| #include <ac_nonexistent.h>
configure:4028: checking for grep that handles long lines and -e
configure:4086: result: /usr/bin/grep
configure:4091: checking for egrep
configure:4153: result: /usr/bin/grep -E
configure:4158: checking for ANSI C header files
configure:4178: gcc -c -g -O2  conftest.c >&5
configure:4178: $? = 0
configure:4251: gcc -o conftest -g -O2   conftest.c -lxml2 -lm  >&5
configure:4251: $? = 0
configure:4251: ./conftest
configure:4251: $? = 0
configure:4262: result: yes
configure:4275: checking for sys/types.h
configure:4275: gcc -c -g -O2  conftest.c >&5
configure:4275: $? = 0
configure:4275: result: yes
configure:4275: checking for sys/stat.h
configure:4275: gcc -c -g -O2  conftest.c >&5
configure:4275: $? = 0
configure:4275: result: yes
configure:4275: checking for stdlib.h
configure:4275: gcc -c -g -O2  conftest.c >&5
configure:4275: $? = 0
configure:4275: result: yes
configure:4275: checking for string.h
configure:4275: gcc -c -g -O2  conftest.c >&5
configure:4275: $? = 0
configure:4275: result: yes
configure:4275: checking for memory.h
configure:4275: gcc -c -g -O2  conftest.c >&5
configure:4275: $? = 0
configure:4275: result: yes
configure:4275: checking for strings.h
configure:4275: gcc -c -g -O2  conftest.c >&5
configure:4275: $? = 0
configure:4275: result: yes
configure:4275: checking for inttypes.h
configure:4275: gcc -c -g -O2  conftest.c >&5
configure:4275: $? = 0
configure:4275: result: yes
configure:4275: checking for stdint.h
configure:4275: gcc -c -g -O2  conftest.c >&5
configure:4275: $? = 0
configure:4275: result: yes
configure:4275: checking for unistd.h
configure:4275: gcc -c -g -O2  conftest.c >&5
configure:4275: $? = 0
configure:4275: result: yes
configure:4290: checking malloc.h usability
configure:4290: gcc -c -g -O2  conftest.c >&5
configure:4290: $? = 0
configure:4290: result: yes
configure:4290: checking malloc.h presence
configure:4290: gcc -E  conftest.c
configure:4290: $? = 0
configure:4290: result: yes
configure:4290: checking for malloc.h
configure:4290: result: yes
configure:4290: checking for stdint.h
configure:4290: result: yes
configure:4290: checking for stdlib.h
configure:4290: result: yes
configure:4290: checking for string.h
configure:4290: result: yes
configure:4290: checking sys/ioctl.h usability
configure:4290: gcc -c -g -O2  conftest.c >&5
configure:4290: $? = 0
configure:4290: result: yes
configure:4290: checking sys/ioctl.h presence
configure:4290: gcc -E  conftest.c
configure:4290: $? = 0
configure:4290: result: yes
configure:4290: checking for sys/ioctl.h
configure:4290: result: yes
configure:4290: checking termio.h usability
configure:4290: gcc -c -g -O2  conftest.c >&5
configure:4290: $? = 0
configure:4290: result: yes
configure:4290: checking termio.h presence
configure:4290: gcc -E  conftest.c
configure:4290: $? = 0
configure:4290: result: yes
configure:4290: checking for termio.h
configure:4290: result: yes
configure:4290: checking for unistd.h
configure:4290: result: yes
configure:4302: checking for pid_t
configure:4302: gcc -c -g -O2  conftest.c >&5
configure:4302: $? = 0
configure:4302: gcc -c -g -O2  conftest.c >&5
conftest.c: In function 'main':
conftest.c:66:20: error: expected expression before ')' token
 if (sizeof ((pid_t)))
                    ^
configure:4302: $? = 1
configure: failed program was:
| /* confdefs.h */
| #define PACKAGE_NAME "main"
| #define PACKAGE_TARNAME "main"
| #define PACKAGE_VERSION "1.0.0"
| #define PACKAGE_STRING "main 1.0.0"
| #define PACKAGE_BUGREPORT "RongTao@sylincom.com"
| #define PACKAGE_URL ""
| #define PACKAGE "main"
| #define VERSION "1.0.0"
| #define HAVE_LIBM 1
| #define HAVE_LIBXML2 1
| #define STDC_HEADERS 1
| #define HAVE_SYS_TYPES_H 1
| #define HAVE_SYS_STAT_H 1
| #define HAVE_STDLIB_H 1
| #define HAVE_STRING_H 1
| #define HAVE_MEMORY_H 1
| #define HAVE_STRINGS_H 1
| #define HAVE_INTTYPES_H 1
| #define HAVE_STDINT_H 1
| #define HAVE_UNISTD_H 1
| #define HAVE_MALLOC_H 1
| #define HAVE_STDINT_H 1
| #define HAVE_STDLIB_H 1
| #define HAVE_STRING_H 1
| #define HAVE_SYS_IOCTL_H 1
| #define HAVE_TERMIO_H 1
| #define HAVE_UNISTD_H 1
| /* end confdefs.h.  */
| #include <stdio.h>
| #ifdef HAVE_SYS_TYPES_H
| # include <sys/types.h>
| #endif
| #ifdef HAVE_SYS_STAT_H
| # include <sys/stat.h>
| #endif
| #ifdef STDC_HEADERS
| # include <stdlib.h>
| # include <stddef.h>
| #else
| # ifdef HAVE_STDLIB_H
| #  include <stdlib.h>
| # endif
| #endif
| #ifdef HAVE_STRING_H
| # if !defined STDC_HEADERS && defined HAVE_MEMORY_H
| #  include <memory.h>
| # endif
| # include <string.h>
| #endif
| #ifdef HAVE_STRINGS_H
| # include <strings.h>
| #endif
| #ifdef HAVE_INTTYPES_H
| # include <inttypes.h>
| #endif
| #ifdef HAVE_STDINT_H
| # include <stdint.h>
| #endif
| #ifdef HAVE_UNISTD_H
| # include <unistd.h>
| #endif
| int
| main ()
| {
| if (sizeof ((pid_t)))
| 	    return 0;
|   ;
|   return 0;
| }
configure:4302: result: yes
configure:4313: checking for uint16_t
configure:4313: gcc -c -g -O2  conftest.c >&5
configure:4313: $? = 0
configure:4313: result: yes
configure:4325: checking for uint32_t
configure:4325: gcc -c -g -O2  conftest.c >&5
configure:4325: $? = 0
configure:4325: result: yes
configure:4339: checking for uint64_t
configure:4339: gcc -c -g -O2  conftest.c >&5
configure:4339: $? = 0
configure:4339: result: yes
configure:4353: checking for uint8_t
configure:4353: gcc -c -g -O2  conftest.c >&5
configure:4353: $? = 0
configure:4353: result: yes
configure:4369: checking for error_at_line
configure:4385: gcc -o conftest -g -O2   conftest.c -lxml2 -lm  >&5
configure:4385: $? = 0
configure:4393: result: yes
configure:4406: checking for stdlib.h
configure:4406: result: yes
configure:4416: checking for GNU libc compatible malloc
configure:4440: gcc -o conftest -g -O2   conftest.c -lxml2 -lm  >&5
configure:4440: $? = 0
configure:4440: ./conftest
configure:4440: $? = 0
configure:4450: result: yes
configure:4474: checking for getcwd
configure:4474: gcc -o conftest -g -O2   conftest.c -lxml2 -lm  >&5
configure:4474: $? = 0
configure:4474: result: yes
configure:4474: checking for gethostname
configure:4474: gcc -o conftest -g -O2   conftest.c -lxml2 -lm  >&5
configure:4474: $? = 0
configure:4474: result: yes
configure:4474: checking for memset
configure:4474: gcc -o conftest -g -O2   conftest.c -lxml2 -lm  >&5
conftest.c:57:6: warning: conflicting types for built-in function 'memset' [enabled by default]
 char memset ();
      ^
configure:4474: $? = 0
configure:4474: result: yes
configure:4474: checking for strstr
configure:4474: gcc -o conftest -g -O2   conftest.c -lxml2 -lm  >&5
conftest.c:58:6: warning: conflicting types for built-in function 'strstr' [enabled by default]
 char strstr ();
      ^
configure:4474: $? = 0
configure:4474: result: yes
configure:4595: checking that generated files are newer than configure
configure:4601: result: done
configure:4624: creating ./config.status

## ---------------------- ##
## Running config.status. ##
## ---------------------- ##

This file was extended by main config.status 1.0.0, which was
generated by GNU Autoconf 2.69.  Invocation command line was

  CONFIG_FILES    = 
  CONFIG_HEADERS  = 
  CONFIG_LINKS    = 
  CONFIG_COMMANDS = 
  $ ./config.status 

on localhost.localdomain

config.status:868: creating Makefile
config.status:868: creating common/Makefile
config.status:868: creating config.h
config.status:1049: config.h is unchanged
config.status:1097: executing depfiles commands

## ---------------- ##
## Cache variables. ##
## ---------------- ##

ac_cv_c_compiler_gnu=yes
ac_cv_c_uint16_t=yes
ac_cv_c_uint32_t=yes
ac_cv_c_uint64_t=yes
ac_cv_c_uint8_t=yes
ac_cv_env_CC_set=
ac_cv_env_CC_value=
ac_cv_env_CFLAGS_set=
ac_cv_env_CFLAGS_value=
ac_cv_env_CPPFLAGS_set=
ac_cv_env_CPPFLAGS_value=
ac_cv_env_CPP_set=
ac_cv_env_CPP_value=
ac_cv_env_LDFLAGS_set=
ac_cv_env_LDFLAGS_value=
ac_cv_env_LIBS_set=
ac_cv_env_LIBS_value=
ac_cv_env_build_alias_set=
ac_cv_env_build_alias_value=
ac_cv_env_host_alias_set=
ac_cv_env_host_alias_value=
ac_cv_env_target_alias_set=
ac_cv_env_target_alias_value=
ac_cv_func_getcwd=yes
ac_cv_func_gethostname=yes
ac_cv_func_malloc_0_nonnull=yes
ac_cv_func_memset=yes
ac_cv_func_strstr=yes
ac_cv_header_inttypes_h=yes
ac_cv_header_malloc_h=yes
ac_cv_header_memory_h=yes
ac_cv_header_stdc=yes
ac_cv_header_stdint_h=yes
ac_cv_header_stdlib_h=yes
ac_cv_header_string_h=yes
ac_cv_header_strings_h=yes
ac_cv_header_sys_ioctl_h=yes
ac_cv_header_sys_stat_h=yes
ac_cv_header_sys_types_h=yes
ac_cv_header_termio_h=yes
ac_cv_header_unistd_h=yes
ac_cv_lib_error_at_line=yes
ac_cv_lib_m_main=yes
ac_cv_lib_xml2_main=yes
ac_cv_objext=o
ac_cv_path_EGREP='/usr/bin/grep -E'
ac_cv_path_GREP=/usr/bin/grep
ac_cv_path_install='/usr/bin/install -c'
ac_cv_path_mkdir=/usr/bin/mkdir
ac_cv_prog_AWK=gawk
ac_cv_prog_CPP='gcc -E'
ac_cv_prog_ac_ct_CC=gcc
ac_cv_prog_cc_c89=
ac_cv_prog_cc_g=yes
ac_cv_prog_make_make_set=yes
ac_cv_type_pid_t=yes
am_cv_CC_dependencies_compiler_type=gcc3
am_cv_make_support_nested_variables=yes

## ----------------- ##
## Output variables. ##
## ----------------- ##

ACLOCAL='${SHELL} /home/rongtao/test/configure/t6/missing aclocal-1.13'
AMDEPBACKSLASH='\'
AMDEP_FALSE='#'
AMDEP_TRUE=''
AMTAR='$${TAR-tar}'
AM_BACKSLASH='\'
AM_DEFAULT_V='$(AM_DEFAULT_VERBOSITY)'
AM_DEFAULT_VERBOSITY='1'
AM_V='$(V)'
AUTOCONF='${SHELL} /home/rongtao/test/configure/t6/missing autoconf'
AUTOHEADER='${SHELL} /home/rongtao/test/configure/t6/missing autoheader'
AUTOMAKE='${SHELL} /home/rongtao/test/configure/t6/missing automake-1.13'
AWK='gawk'
CC='gcc'
CCDEPMODE='depmode=gcc3'
CFLAGS='-g -O2'
CPP='gcc -E'
CPPFLAGS=''
CYGPATH_W='echo'
DEFS='-DHAVE_CONFIG_H'
DEPDIR='.deps'
ECHO_C=''
ECHO_N='-n'
ECHO_T=''
EGREP='/usr/bin/grep -E'
EXEEXT=''
GREP='/usr/bin/grep'
INSTALL_DATA='${INSTALL} -m 644'
INSTALL_PROGRAM='${INSTALL}'
INSTALL_SCRIPT='${INSTALL}'
INSTALL_STRIP_PROGRAM='$(install_sh) -c -s'
LDFLAGS=''
LIBOBJS=''
LIBS='-lxml2 -lm '
LTLIBOBJS=''
MAKEINFO='${SHELL} /home/rongtao/test/configure/t6/missing makeinfo'
MKDIR_P='/usr/bin/mkdir -p'
OBJEXT='o'
PACKAGE='main'
PACKAGE_BUGREPORT='RongTao@sylincom.com'
PACKAGE_NAME='main'
PACKAGE_STRING='main 1.0.0'
PACKAGE_TARNAME='main'
PACKAGE_URL=''
PACKAGE_VERSION='1.0.0'
PATH_SEPARATOR=':'
SET_MAKE=''
SHELL='/bin/sh'
STRIP=''
VERSION='1.0.0'
ac_ct_CC='gcc'
am__EXEEXT_FALSE=''
am__EXEEXT_TRUE='#'
am__fastdepCC_FALSE='#'
am__fastdepCC_TRUE=''
am__include='include'
am__isrc=''
am__leading_dot='.'
am__nodep='_no'
am__quote=''
am__tar='$${TAR-tar} chof - "$$tardir"'
am__untar='$${TAR-tar} xf -'
bindir='${exec_prefix}/bin'
build_alias=''
datadir='${datarootdir}'
datarootdir='${prefix}/share'
docdir='${datarootdir}/doc/${PACKAGE_TARNAME}'
dvidir='${docdir}'
exec_prefix='${prefix}'
host_alias=''
htmldir='${docdir}'
includedir='${prefix}/include'
infodir='${datarootdir}/info'
install_sh='${SHELL} /home/rongtao/test/configure/t6/install-sh'
libdir='${exec_prefix}/lib'
libexecdir='${exec_prefix}/libexec'
localedir='${datarootdir}/locale'
localstatedir='${prefix}/var'
mandir='${datarootdir}/man'
mkdir_p='$(MKDIR_P)'
oldincludedir='/usr/include'
pdfdir='${docdir}'
prefix='/usr/local'
program_transform_name='s,x,x,'
psdir='${docdir}'
sbindir='${exec_prefix}/sbin'
sharedstatedir='${prefix}/com'
sysconfdir='${prefix}/etc'
target_alias=''

## ----------- ##
## confdefs.h. ##
## ----------- ##

/* confdefs.h */
#define PACKAGE_NAME "main"
#define PACKAGE_TARNAME "main"
#define PACKAGE_VERSION "1.0.0"
#define PACKAGE_STRING "main 1.0.0"
#define PACKAGE_BUGREPORT "RongTao@sylincom.com"
#define PACKAGE_URL ""
#define PACKAGE "main"
#define VERSION "1.0.0"
#define HAVE_LIBM 1
#define HAVE_LIBXML2 1
#define STDC_HEADERS 1
#define HAVE_SYS_TYPES_H 1
#define HAVE_SYS_STAT_H 1
#define HAVE_STDLIB_H 1
#define HAVE_STRING_H 1
#define HAVE_MEMORY_H 1
#define HAVE_STRINGS_H 1
#define HAVE_INTTYPES_H 1
#define HAVE_STDINT_H 1
#define HAVE_UNISTD_H 1
#define HAVE_MALLOC_H 1
#define HAVE_STDINT_H 1
#define HAVE_STDLIB_H 1
#define HAVE_STRING_H 1
#define HAVE_SYS_IOCTL_H 1
#define HAVE_TERMIO_H 1
#define HAVE_UNISTD_H 1
#define HAVE_STDLIB_H 1
#define HAVE_MALLOC 1
#define HAVE_GETCWD 1
#define HAVE_GETHOSTNAME 1
#define HAVE_MEMSET 1
#define HAVE_STRSTR 1

configure: exit 0
