This file contains any messages produced by compilers while
running configure, to aid debugging if configure makes a mistake.

It was created by gtping configure 0.15, which was
generated by GNU Autoconf 2.69.  Invocation command line was

  $ ./configure 

## --------- ##
## Platform. ##
## --------- ##

hostname = localhost.localdomain
uname -m = x86_64
uname -r = 3.10.0-693.el7.x86_64
uname -s = Linux
uname -v = #1 SMP Tue Aug 22 21:09:27 UTC 2017

/usr/bin/uname -p = x86_64
/bin/uname -X     = unknown

/bin/arch              = x86_64
/usr/bin/arch -k       = unknown
/usr/convex/getsysinfo = unknown
/usr/bin/hostinfo      = unknown
/bin/machine           = unknown
/usr/bin/oslevel       = unknown
/bin/universe          = unknown

PATH: /root/perl5/bin
PATH: /usr/lib64/qt-3.3/bin
PATH: /home/rongtao/perl5/bin
PATH: /usr/local/bin
PATH: /usr/bin
PATH: /usr/local/sbin
PATH: /usr/sbin
PATH: /usr/local/node-v10.15.3-linux-x64/bin/
PATH: /usr/local/cwp_su_all_44R14/bin
PATH: /usr/local/cwp_su_all_44R14/bin
PATH: /opt/qtcreator-2.5.0/bin
PATH: /home/rongtao/.local/bin
PATH: /home/rongtao/bin
PATH: /work/wangcheng/Zookeeper/apache-zookeeper-3.5.5-bin/bin


## ----------- ##
## Core tests. ##
## ----------- ##

configure:2269: checking for a BSD-compatible install
configure:2337: result: /usr/bin/install -c
configure:2348: checking whether build environment is sane
configure:2403: result: yes
configure:2441: WARNING: 'missing' script is too old or missing
configure:2554: checking for a thread-safe mkdir -p
configure:2593: result: /usr/bin/mkdir -p
configure:2600: checking for gawk
configure:2616: found /usr/bin/gawk
configure:2627: result: gawk
configure:2638: checking whether make sets $(MAKE)
configure:2660: result: yes
configure:2689: checking whether make supports nested variables
configure:2706: result: yes
configure:2833: checking whether to enable maintainer-specific portions of Makefiles
configure:2842: result: no
configure:2908: checking for gcc
configure:2924: found /usr/bin/gcc
configure:2935: result: gcc
configure:3164: checking for C compiler version
configure:3173: gcc --version >&5
gcc (GCC) 4.8.5 20150623 (Red Hat 4.8.5-36)
Copyright (C) 2015 Free Software Foundation, Inc.
This is free software; see the source for copying conditions.  There is NO
warranty; not even for MERCHANTABILITY or FITNESS FOR A PARTICULAR PURPOSE.

configure:3184: $? = 0
configure:3173: gcc -v >&5
Using built-in specs.
COLLECT_GCC=gcc
COLLECT_LTO_WRAPPER=/usr/libexec/gcc/x86_64-redhat-linux/4.8.5/lto-wrapper
Target: x86_64-redhat-linux
Configured with: ../configure --prefix=/usr --mandir=/usr/share/man --infodir=/usr/share/info --with-bugurl=http://bugzilla.redhat.com/bugzilla --enable-bootstrap --enable-shared --enable-threads=posix --enable-checking=release --with-system-zlib --enable-__cxa_atexit --disable-libunwind-exceptions --enable-gnu-unique-object --enable-linker-build-id --with-linker-hash-style=gnu --enable-languages=c,c++,objc,obj-c++,java,fortran,ada,go,lto --enable-plugin --enable-initfini-array --disable-libgcj --with-isl=/builddir/build/BUILD/gcc-4.8.5-20150702/obj-x86_64-redhat-linux/isl-install --with-cloog=/builddir/build/BUILD/gcc-4.8.5-20150702/obj-x86_64-redhat-linux/cloog-install --enable-gnu-indirect-function --with-tune=generic --with-arch_32=x86-64 --build=x86_64-redhat-linux
Thread model: posix
gcc version 4.8.5 20150623 (Red Hat 4.8.5-36) (GCC) 
configure:3184: $? = 0
configure:3173: gcc -V >&5
gcc: error: unrecognized command line option '-V'
gcc: fatal error: no input files
compilation terminated.
configure:3184: $? = 4
configure:3173: gcc -qversion >&5
gcc: error: unrecognized command line option '-qversion'
gcc: fatal error: no input files
compilation terminated.
configure:3184: $? = 4
configure:3204: checking whether the C compiler works
configure:3226: gcc    conftest.c  >&5
configure:3230: $? = 0
configure:3278: result: yes
configure:3281: checking for C compiler default output file name
configure:3283: result: a.out
configure:3289: checking for suffix of executables
configure:3296: gcc -o conftest    conftest.c  >&5
configure:3300: $? = 0
configure:3322: result: 
configure:3344: checking whether we are cross compiling
configure:3352: gcc -o conftest    conftest.c  >&5
configure:3356: $? = 0
configure:3363: ./conftest
configure:3367: $? = 0
configure:3382: result: no
configure:3387: checking for suffix of object files
configure:3409: gcc -c   conftest.c >&5
configure:3413: $? = 0
configure:3434: result: o
configure:3438: checking whether we are using the GNU C compiler
configure:3457: gcc -c   conftest.c >&5
configure:3457: $? = 0
configure:3466: result: yes
configure:3475: checking whether gcc accepts -g
configure:3495: gcc -c -g  conftest.c >&5
configure:3495: $? = 0
configure:3536: result: yes
configure:3553: checking for gcc option to accept ISO C89
configure:3616: gcc  -c -g -O2  conftest.c >&5
configure:3616: $? = 0
configure:3629: result: none needed
configure:3654: checking whether gcc understands -c and -o together
configure:3676: gcc -c conftest.c -o conftest2.o
configure:3679: $? = 0
configure:3676: gcc -c conftest.c -o conftest2.o
configure:3679: $? = 0
configure:3691: result: yes
configure:3719: checking for style of include used by make
configure:3747: result: GNU
configure:3773: checking dependency style of gcc
configure:3884: result: gcc3
configure:3903: checking for sqrt in -lm
configure:3928: gcc -o conftest -g -O2   conftest.c -lm   >&5
conftest.c:18:6: warning: conflicting types for built-in function 'sqrt' [enabled by default]
 char sqrt ();
      ^
configure:3928: $? = 0
configure:3937: result: yes
configure:3948: checking for library containing socket
configure:3979: gcc -o conftest -g -O2   conftest.c -lm  >&5
configure:3979: $? = 0
configure:3996: result: none required
configure:4004: checking for library containing recv
configure:4035: gcc -o conftest -g -O2   conftest.c -lm  >&5
configure:4035: $? = 0
configure:4052: result: none required
configure:4060: checking for library containing send
configure:4091: gcc -o conftest -g -O2   conftest.c -lm  >&5
configure:4091: $? = 0
configure:4108: result: none required
configure:4116: checking for library containing clock_gettime
configure:4147: gcc -o conftest -g -O2   conftest.c -lm  >&5
configure:4147: $? = 0
configure:4164: result: none required
configure:4179: checking how to run the C preprocessor
configure:4210: gcc -E  conftest.c
configure:4210: $? = 0
configure:4224: gcc -E  conftest.c
conftest.c:12:28: fatal error: ac_nonexistent.h: No such file or directory
 #include <ac_nonexistent.h>
                            ^
compilation terminated.
configure:4224: $? = 1
configure: failed program was:
| /* confdefs.h */
| #define PACKAGE_NAME "gtping"
| #define PACKAGE_TARNAME "gtping"
| #define PACKAGE_VERSION "0.15"
| #define PACKAGE_STRING "gtping 0.15"
| #define PACKAGE_BUGREPORT "thomas@habets.se"
| #define PACKAGE_URL ""
| #define PACKAGE "gtping"
| #define VERSION "0.15"
| #define HAVE_LIBM 1
| /* end confdefs.h.  */
| #include <ac_nonexistent.h>
configure:4249: result: gcc -E
configure:4269: gcc -E  conftest.c
configure:4269: $? = 0
configure:4283: gcc -E  conftest.c
conftest.c:12:28: fatal error: ac_nonexistent.h: No such file or directory
 #include <ac_nonexistent.h>
                            ^
compilation terminated.
configure:4283: $? = 1
configure: failed program was:
| /* confdefs.h */
| #define PACKAGE_NAME "gtping"
| #define PACKAGE_TARNAME "gtping"
| #define PACKAGE_VERSION "0.15"
| #define PACKAGE_STRING "gtping 0.15"
| #define PACKAGE_BUGREPORT "thomas@habets.se"
| #define PACKAGE_URL ""
| #define PACKAGE "gtping"
| #define VERSION "0.15"
| #define HAVE_LIBM 1
| /* end confdefs.h.  */
| #include <ac_nonexistent.h>
configure:4312: checking for grep that handles long lines and -e
configure:4370: result: /usr/bin/grep
configure:4375: checking for egrep
configure:4437: result: /usr/bin/grep -E
configure:4442: checking for ANSI C header files
configure:4462: gcc -c -g -O2  conftest.c >&5
configure:4462: $? = 0
configure:4535: gcc -o conftest -g -O2   conftest.c -lm  >&5
configure:4535: $? = 0
configure:4535: ./conftest
configure:4535: $? = 0
configure:4546: result: yes
configure:4559: checking for sys/types.h
configure:4559: gcc -c -g -O2  conftest.c >&5
configure:4559: $? = 0
configure:4559: result: yes
configure:4559: checking for sys/stat.h
configure:4559: gcc -c -g -O2  conftest.c >&5
configure:4559: $? = 0
configure:4559: result: yes
configure:4559: checking for stdlib.h
configure:4559: gcc -c -g -O2  conftest.c >&5
configure:4559: $? = 0
configure:4559: result: yes
configure:4559: checking for string.h
configure:4559: gcc -c -g -O2  conftest.c >&5
configure:4559: $? = 0
configure:4559: result: yes
configure:4559: checking for memory.h
configure:4559: gcc -c -g -O2  conftest.c >&5
configure:4559: $? = 0
configure:4559: result: yes
configure:4559: checking for strings.h
configure:4559: gcc -c -g -O2  conftest.c >&5
configure:4559: $? = 0
configure:4559: result: yes
configure:4559: checking for inttypes.h
configure:4559: gcc -c -g -O2  conftest.c >&5
configure:4559: $? = 0
configure:4559: result: yes
configure:4559: checking for stdint.h
configure:4559: gcc -c -g -O2  conftest.c >&5
configure:4559: $? = 0
configure:4559: result: yes
configure:4559: checking for unistd.h
configure:4559: gcc -c -g -O2  conftest.c >&5
configure:4559: $? = 0
configure:4559: result: yes
configure:4577: checking arpa/inet.h usability
configure:4577: gcc -c -g -O2  conftest.c >&5
configure:4577: $? = 0
configure:4577: result: yes
configure:4577: checking arpa/inet.h presence
configure:4577: gcc -E  conftest.c
configure:4577: $? = 0
configure:4577: result: yes
configure:4577: checking for arpa/inet.h
configure:4577: result: yes
configure:4577: checking netdb.h usability
configure:4577: gcc -c -g -O2  conftest.c >&5
configure:4577: $? = 0
configure:4577: result: yes
configure:4577: checking netdb.h presence
configure:4577: gcc -E  conftest.c
configure:4577: $? = 0
configure:4577: result: yes
configure:4577: checking for netdb.h
configure:4577: result: yes
configure:4577: checking netinet/in.h usability
configure:4577: gcc -c -g -O2  conftest.c >&5
configure:4577: $? = 0
configure:4577: result: yes
configure:4577: checking netinet/in.h presence
configure:4577: gcc -E  conftest.c
configure:4577: $? = 0
configure:4577: result: yes
configure:4577: checking for netinet/in.h
configure:4577: result: yes
configure:4577: checking netinet/in6.h usability
configure:4577: gcc -c -g -O2  conftest.c >&5
conftest.c:58:25: fatal error: netinet/in6.h: No such file or directory
 #include <netinet/in6.h>
                         ^
compilation terminated.
configure:4577: $? = 1
configure: failed program was:
| /* confdefs.h */
| #define PACKAGE_NAME "gtping"
| #define PACKAGE_TARNAME "gtping"
| #define PACKAGE_VERSION "0.15"
| #define PACKAGE_STRING "gtping 0.15"
| #define PACKAGE_BUGREPORT "thomas@habets.se"
| #define PACKAGE_URL ""
| #define PACKAGE "gtping"
| #define VERSION "0.15"
| #define HAVE_LIBM 1
| #define STDC_HEADERS 1
| #define HAVE_SYS_TYPES_H 1
| #define HAVE_SYS_STAT_H 1
| #define HAVE_STDLIB_H 1
| #define HAVE_STRING_H 1
| #define HAVE_MEMORY_H 1
| #define HAVE_STRINGS_H 1
| #define HAVE_INTTYPES_H 1
| #define HAVE_STDINT_H 1
| #define HAVE_UNISTD_H 1
| #define HAVE_ARPA_INET_H 1
| #define HAVE_NETDB_H 1
| #define HAVE_NETINET_IN_H 1
| /* end confdefs.h.  */
| #include <stdio.h>
| #ifdef HAVE_SYS_TYPES_H
| # include <sys/types.h>
| #endif
| #ifdef HAVE_SYS_STAT_H
| # include <sys/stat.h>
| #endif
| #ifdef STDC_HEADERS
| # include <stdlib.h>
| # include <stddef.h>
| #else
| # ifdef HAVE_STDLIB_H
| #  include <stdlib.h>
| # endif
| #endif
| #ifdef HAVE_STRING_H
| # if !defined STDC_HEADERS && defined HAVE_MEMORY_H
| #  include <memory.h>
| # endif
| # include <string.h>
| #endif
| #ifdef HAVE_STRINGS_H
| # include <strings.h>
| #endif
| #ifdef HAVE_INTTYPES_H
| # include <inttypes.h>
| #endif
| #ifdef HAVE_STDINT_H
| # include <stdint.h>
| #endif
| #ifdef HAVE_UNISTD_H
| # include <unistd.h>
| #endif
| #include <netinet/in6.h>
configure:4577: result: no
configure:4577: checking netinet/in6.h presence
configure:4577: gcc -E  conftest.c
conftest.c:25:25: fatal error: netinet/in6.h: No such file or directory
 #include <netinet/in6.h>
                         ^
compilation terminated.
configure:4577: $? = 1
configure: failed program was:
| /* confdefs.h */
| #define PACKAGE_NAME "gtping"
| #define PACKAGE_TARNAME "gtping"
| #define PACKAGE_VERSION "0.15"
| #define PACKAGE_STRING "gtping 0.15"
| #define PACKAGE_BUGREPORT "thomas@habets.se"
| #define PACKAGE_URL ""
| #define PACKAGE "gtping"
| #define VERSION "0.15"
| #define HAVE_LIBM 1
| #define STDC_HEADERS 1
| #define HAVE_SYS_TYPES_H 1
| #define HAVE_SYS_STAT_H 1
| #define HAVE_STDLIB_H 1
| #define HAVE_STRING_H 1
| #define HAVE_MEMORY_H 1
| #define HAVE_STRINGS_H 1
| #define HAVE_INTTYPES_H 1
| #define HAVE_STDINT_H 1
| #define HAVE_UNISTD_H 1
| #define HAVE_ARPA_INET_H 1
| #define HAVE_NETDB_H 1
| #define HAVE_NETINET_IN_H 1
| /* end confdefs.h.  */
| #include <netinet/in6.h>
configure:4577: result: no
configure:4577: checking for netinet/in6.h
configure:4577: result: no
configure:4577: checking for stdlib.h
configure:4577: result: yes
configure:4577: checking for string.h
configure:4577: result: yes
configure:4577: checking sys/socket.h usability
configure:4577: gcc -c -g -O2  conftest.c >&5
configure:4577: $? = 0
configure:4577: result: yes
configure:4577: checking sys/socket.h presence
configure:4577: gcc -E  conftest.c
configure:4577: $? = 0
configure:4577: result: yes
configure:4577: checking for sys/socket.h
configure:4577: result: yes
configure:4577: checking sys/time.h usability
configure:4577: gcc -c -g -O2  conftest.c >&5
configure:4577: $? = 0
configure:4577: result: yes
configure:4577: checking sys/time.h presence
configure:4577: gcc -E  conftest.c
configure:4577: $? = 0
configure:4577: result: yes
configure:4577: checking for sys/time.h
configure:4577: result: yes
configure:4577: checking for unistd.h
configure:4577: result: yes
configure:4577: checking for memory.h
configure:4577: result: yes
configure:4577: checking sys/uio.h usability
configure:4577: gcc -c -g -O2  conftest.c >&5
configure:4577: $? = 0
configure:4577: result: yes
configure:4577: checking sys/uio.h presence
configure:4577: gcc -E  conftest.c
configure:4577: $? = 0
configure:4577: result: yes
configure:4577: checking for sys/uio.h
configure:4577: result: yes
configure:4577: checking ifaddrs.h usability
configure:4577: gcc -c -g -O2  conftest.c >&5
configure:4577: $? = 0
configure:4577: result: yes
configure:4577: checking ifaddrs.h presence
configure:4577: gcc -E  conftest.c
configure:4577: $? = 0
configure:4577: result: yes
configure:4577: checking for ifaddrs.h
configure:4577: result: yes
configure:4589: checking for an ANSI C-conforming const
configure:4655: gcc -c -g -O2  conftest.c >&5
configure:4655: $? = 0
configure:4662: result: yes
configure:4670: checking whether time.h and sys/time.h may both be included
configure:4690: gcc -c -g -O2  conftest.c >&5
configure:4690: $? = 0
configure:4697: result: yes
configure:4705: checking for uint16_t
configure:4705: gcc -c -g -O2  conftest.c >&5
configure:4705: $? = 0
configure:4705: result: yes
configure:4717: checking for uint32_t
configure:4717: gcc -c -g -O2  conftest.c >&5
configure:4717: $? = 0
configure:4717: result: yes
configure:4731: checking for working volatile
configure:4750: gcc -c -g -O2  conftest.c >&5
configure:4750: $? = 0
configure:4757: result: yes
configure:4767: checking for library containing clock_gettime
configure:4815: result: none required
configure:4823: checking for CLOCK_MONOTONIC
configure:4845: gcc -o conftest -g -O2   conftest.c -lm  >&5
conftest.c: In function 'main':
conftest.c:38:1: warning: incompatible implicit declaration of built-in function 'exit' [enabled by default]
 exit(!!clock_gettime(CLOCK_MONOTONIC, &ts));
 ^
configure:4845: $? = 0
configure:4845: ./conftest
configure:4845: $? = 0
configure:4857: result: yes
configure:4876: checking return type of signal handlers
configure:4894: gcc -c -g -O2  conftest.c >&5
conftest.c: In function 'main':
conftest.c:41:1: error: void value not ignored as it ought to be
 return *(signal (0, 0)) (0) == 1;
 ^
configure:4894: $? = 1
configure: failed program was:
| /* confdefs.h */
| #define PACKAGE_NAME "gtping"
| #define PACKAGE_TARNAME "gtping"
| #define PACKAGE_VERSION "0.15"
| #define PACKAGE_STRING "gtping 0.15"
| #define PACKAGE_BUGREPORT "thomas@habets.se"
| #define PACKAGE_URL ""
| #define PACKAGE "gtping"
| #define VERSION "0.15"
| #define HAVE_LIBM 1
| #define STDC_HEADERS 1
| #define HAVE_SYS_TYPES_H 1
| #define HAVE_SYS_STAT_H 1
| #define HAVE_STDLIB_H 1
| #define HAVE_STRING_H 1
| #define HAVE_MEMORY_H 1
| #define HAVE_STRINGS_H 1
| #define HAVE_INTTYPES_H 1
| #define HAVE_STDINT_H 1
| #define HAVE_UNISTD_H 1
| #define HAVE_ARPA_INET_H 1
| #define HAVE_NETDB_H 1
| #define HAVE_NETINET_IN_H 1
| #define HAVE_STDLIB_H 1
| #define HAVE_STRING_H 1
| #define HAVE_SYS_SOCKET_H 1
| #define HAVE_SYS_TIME_H 1
| #define HAVE_UNISTD_H 1
| #define HAVE_MEMORY_H 1
| #define HAVE_SYS_UIO_H 1
| #define HAVE_IFADDRS_H 1
| #define TIME_WITH_SYS_TIME 1
| #define HAVE_CLOCK_MONOTONIC 1
| /* end confdefs.h.  */
| #include <sys/types.h>
| #include <signal.h>
| 
| int
| main ()
| {
| return *(signal (0, 0)) (0) == 1;
|   ;
|   return 0;
| }
configure:4901: result: void
configure:4912: checking for memcpy
configure:4912: gcc -o conftest -g -O2   conftest.c -lm  >&5
conftest.c:59:6: warning: conflicting types for built-in function 'memcpy' [enabled by default]
 char memcpy ();
      ^
configure:4912: $? = 0
configure:4912: result: yes
configure:4912: checking for gettimeofday
configure:4912: gcc -o conftest -g -O2   conftest.c -lm  >&5
configure:4912: $? = 0
configure:4912: result: yes
configure:4912: checking for memset
configure:4912: gcc -o conftest -g -O2   conftest.c -lm  >&5
conftest.c:61:6: warning: conflicting types for built-in function 'memset' [enabled by default]
 char memset ();
      ^
configure:4912: $? = 0
configure:4912: result: yes
configure:4912: checking for socket
configure:4912: gcc -o conftest -g -O2   conftest.c -lm  >&5
configure:4912: $? = 0
configure:4912: result: yes
configure:4912: checking for sqrt
configure:4912: gcc -o conftest -g -O2   conftest.c -lm  >&5
conftest.c:63:6: warning: conflicting types for built-in function 'sqrt' [enabled by default]
 char sqrt ();
      ^
configure:4912: $? = 0
configure:4912: result: yes
configure:4912: checking for strerror
configure:4912: gcc -o conftest -g -O2   conftest.c -lm  >&5
configure:4912: $? = 0
configure:4912: result: yes
configure:4912: checking for strtoul
configure:4912: gcc -o conftest -g -O2   conftest.c -lm  >&5
configure:4912: $? = 0
configure:4912: result: yes
configure:4921: checking for memset
configure:4921: result: yes
configure:4947: checking for h_errno declaration in netdb.h
configure:4966: gcc -c -g -O2  conftest.c >&5
configure:4966: $? = 0
configure:4973: result: yes
configure:4980: checking for socklen_t
configure:5000: gcc -c -g -O2  conftest.c >&5
configure:5000: $? = 0
configure:5007: result: yes
configure:5014: checking for in_port_t
configure:5035: gcc -c -g -O2  conftest.c >&5
configure:5035: $? = 0
configure:5042: result: yes
configure:5158: checking for getaddrinfo
configure:5158: gcc -o conftest -g -O2   conftest.c -lm  >&5
configure:5158: $? = 0
configure:5158: result: yes
configure:5158: checking for getnameinfo
configure:5158: gcc -o conftest -g -O2   conftest.c -lm  >&5
configure:5158: $? = 0
configure:5158: result: yes
configure:5179: checking for msg_control field in struct msghdr
configure:5213: gcc -o conftest -g -O2   conftest.c -lm  >&5
conftest.c: In function 'main':
conftest.c:63:1: warning: incompatible implicit declaration of built-in function 'exit' [enabled by default]
 exit(0);
 ^
configure:5213: $? = 0
configure:5213: ./conftest
configure:5213: $? = 0
configure:5225: result: yes
configure:5238: checking for MSG_ERRQUEUE
configure:5262: gcc -o conftest -g -O2   conftest.c -lm  >&5
conftest.c: In function 'main':
conftest.c:53:1: warning: incompatible implicit declaration of built-in function 'exit' [enabled by default]
 exit(0);
 ^
configure:5262: $? = 0
configure:5262: ./conftest
configure:5262: $? = 0
configure:5274: result: yes
configure:5407: checking that generated files are newer than configure
configure:5413: result: done
configure:5456: creating ./config.status

## ---------------------- ##
## Running config.status. ##
## ---------------------- ##

This file was extended by gtping config.status 0.15, which was
generated by GNU Autoconf 2.69.  Invocation command line was

  CONFIG_FILES    = 
  CONFIG_HEADERS  = 
  CONFIG_LINKS    = 
  CONFIG_COMMANDS = 
  $ ./config.status 

on localhost.localdomain

config.status:892: creating Makefile
config.status:892: creating src/Makefile
config.status:892: creating doc/Makefile
config.status:892: creating config.h
config.status:1121: executing depfiles commands

## ---------------- ##
## Cache variables. ##
## ---------------- ##

ac_cv_c_compiler_gnu=yes
ac_cv_c_const=yes
ac_cv_c_uint16_t=yes
ac_cv_c_uint32_t=yes
ac_cv_c_volatile=yes
ac_cv_decl_h_errno=yes
ac_cv_env_CC_set=
ac_cv_env_CC_value=
ac_cv_env_CFLAGS_set=
ac_cv_env_CFLAGS_value=
ac_cv_env_CPPFLAGS_set=
ac_cv_env_CPPFLAGS_value=
ac_cv_env_CPP_set=
ac_cv_env_CPP_value=
ac_cv_env_LDFLAGS_set=
ac_cv_env_LDFLAGS_value=
ac_cv_env_LIBS_set=
ac_cv_env_LIBS_value=
ac_cv_env_build_alias_set=
ac_cv_env_build_alias_value=
ac_cv_env_host_alias_set=
ac_cv_env_host_alias_value=
ac_cv_env_target_alias_set=
ac_cv_env_target_alias_value=
ac_cv_func_getaddrinfo=yes
ac_cv_func_getnameinfo=yes
ac_cv_func_gettimeofday=yes
ac_cv_func_memcpy=yes
ac_cv_func_memset=yes
ac_cv_func_socket=yes
ac_cv_func_sqrt=yes
ac_cv_func_strerror=yes
ac_cv_func_strtoul=yes
ac_cv_have_clock_monotonic=yes
ac_cv_have_control_in_msghdr=yes
ac_cv_have_msg_errqueue=yes
ac_cv_header_arpa_inet_h=yes
ac_cv_header_ifaddrs_h=yes
ac_cv_header_inttypes_h=yes
ac_cv_header_memory_h=yes
ac_cv_header_netdb_h=yes
ac_cv_header_netinet_in6_h=no
ac_cv_header_netinet_in_h=yes
ac_cv_header_stdc=yes
ac_cv_header_stdint_h=yes
ac_cv_header_stdlib_h=yes
ac_cv_header_string_h=yes
ac_cv_header_strings_h=yes
ac_cv_header_sys_socket_h=yes
ac_cv_header_sys_stat_h=yes
ac_cv_header_sys_time_h=yes
ac_cv_header_sys_types_h=yes
ac_cv_header_sys_uio_h=yes
ac_cv_header_time=yes
ac_cv_header_unistd_h=yes
ac_cv_lib_m_sqrt=yes
ac_cv_objext=o
ac_cv_path_EGREP='/usr/bin/grep -E'
ac_cv_path_GREP=/usr/bin/grep
ac_cv_path_install='/usr/bin/install -c'
ac_cv_path_mkdir=/usr/bin/mkdir
ac_cv_prog_AWK=gawk
ac_cv_prog_CPP='gcc -E'
ac_cv_prog_ac_ct_CC=gcc
ac_cv_prog_cc_c89=
ac_cv_prog_cc_g=yes
ac_cv_prog_make_make_set=yes
ac_cv_search_clock_gettime='none required'
ac_cv_search_recv='none required'
ac_cv_search_send='none required'
ac_cv_search_socket='none required'
ac_cv_type_in_port_t=yes
ac_cv_type_signal=void
ac_cv_type_socklen_t=yes
am_cv_CC_dependencies_compiler_type=gcc3
am_cv_make_support_nested_variables=yes
am_cv_prog_cc_c_o=yes

## ----------------- ##
## Output variables. ##
## ----------------- ##

ACLOCAL='aclocal-1.15'
AMDEPBACKSLASH='\'
AMDEP_FALSE='#'
AMDEP_TRUE=''
AMTAR='$${TAR-tar}'
AM_BACKSLASH='\'
AM_DEFAULT_V='$(AM_DEFAULT_VERBOSITY)'
AM_DEFAULT_VERBOSITY='1'
AM_V='$(V)'
AUTOCONF='autoconf'
AUTOHEADER='autoheader'
AUTOMAKE='automake-1.15'
AWK='gawk'
CC='gcc'
CCDEPMODE='depmode=gcc3'
CFLAGS='-g -O2'
CPP='gcc -E'
CPPFLAGS=''
CYGPATH_W='echo'
DEFS='-DHAVE_CONFIG_H'
DEPDIR='.deps'
ECHO_C=''
ECHO_N='-n'
ECHO_T=''
EGREP='/usr/bin/grep -E'
EXEEXT=''
GREP='/usr/bin/grep'
HAVE_CLOCK_MONOTONIC_FALSE='#'
HAVE_CLOCK_MONOTONIC_TRUE=''
HAVE_CONTROL_IN_MSGHDR_FALSE='#'
HAVE_CONTROL_IN_MSGHDR_TRUE=''
HAVE_IFADDRS_H_FALSE='#'
HAVE_IFADDRS_H_TRUE=''
HAVE_MSG_ERRQUEUE_FALSE='#'
HAVE_MSG_ERRQUEUE_TRUE=''
INSTALL_DATA='${INSTALL} -m 644'
INSTALL_PROGRAM='${INSTALL}'
INSTALL_SCRIPT='${INSTALL}'
INSTALL_STRIP_PROGRAM='$(install_sh) -c -s'
LDFLAGS=''
LIBOBJS=''
LIBS='-lm '
LTLIBOBJS=''
MAINT='#'
MAINTAINER_MODE_FALSE=''
MAINTAINER_MODE_TRUE='#'
MAKEINFO='makeinfo'
MKDIR_P='/usr/bin/mkdir -p'
OBJEXT='o'
PACKAGE='gtping'
PACKAGE_BUGREPORT='thomas@habets.se'
PACKAGE_NAME='gtping'
PACKAGE_STRING='gtping 0.15'
PACKAGE_TARNAME='gtping'
PACKAGE_URL=''
PACKAGE_VERSION='0.15'
PATH_SEPARATOR=':'
SET_MAKE=''
SHELL='/bin/sh'
STRIP=''
VERSION='0.15'
ac_ct_CC='gcc'
am__EXEEXT_FALSE=''
am__EXEEXT_TRUE='#'
am__fastdepCC_FALSE='#'
am__fastdepCC_TRUE=''
am__include='include'
am__isrc=''
am__leading_dot='.'
am__nodep='_no'
am__quote=''
am__tar='$${TAR-tar} chof - "$$tardir"'
am__untar='$${TAR-tar} xf -'
bindir='${exec_prefix}/bin'
build_alias=''
datadir='${datarootdir}'
datarootdir='${prefix}/share'
docdir='${datarootdir}/doc/${PACKAGE_TARNAME}'
dvidir='${docdir}'
exec_prefix='${prefix}'
host_alias=''
htmldir='${docdir}'
includedir='${prefix}/include'
infodir='${datarootdir}/info'
install_sh='${SHELL} /work/workspace/test/ipc/socket/gtp/gtping-master/config/install-sh'
libdir='${exec_prefix}/lib'
libexecdir='${exec_prefix}/libexec'
localedir='${datarootdir}/locale'
localstatedir='${prefix}/var'
mandir='${datarootdir}/man'
mkdir_p='$(MKDIR_P)'
oldincludedir='/usr/include'
pdfdir='${docdir}'
prefix='/usr/local'
program_transform_name='s,x,x,'
psdir='${docdir}'
runstatedir='${localstatedir}/run'
sbindir='${exec_prefix}/sbin'
sharedstatedir='${prefix}/com'
sysconfdir='${prefix}/etc'
target_alias=''

## ----------- ##
## confdefs.h. ##
## ----------- ##

/* confdefs.h */
#define PACKAGE_NAME "gtping"
#define PACKAGE_TARNAME "gtping"
#define PACKAGE_VERSION "0.15"
#define PACKAGE_STRING "gtping 0.15"
#define PACKAGE_BUGREPORT "thomas@habets.se"
#define PACKAGE_URL ""
#define PACKAGE "gtping"
#define VERSION "0.15"
#define HAVE_LIBM 1
#define STDC_HEADERS 1
#define HAVE_SYS_TYPES_H 1
#define HAVE_SYS_STAT_H 1
#define HAVE_STDLIB_H 1
#define HAVE_STRING_H 1
#define HAVE_MEMORY_H 1
#define HAVE_STRINGS_H 1
#define HAVE_INTTYPES_H 1
#define HAVE_STDINT_H 1
#define HAVE_UNISTD_H 1
#define HAVE_ARPA_INET_H 1
#define HAVE_NETDB_H 1
#define HAVE_NETINET_IN_H 1
#define HAVE_STDLIB_H 1
#define HAVE_STRING_H 1
#define HAVE_SYS_SOCKET_H 1
#define HAVE_SYS_TIME_H 1
#define HAVE_UNISTD_H 1
#define HAVE_MEMORY_H 1
#define HAVE_SYS_UIO_H 1
#define HAVE_IFADDRS_H 1
#define TIME_WITH_SYS_TIME 1
#define HAVE_CLOCK_MONOTONIC 1
#define RETSIGTYPE void
#define HAVE_MEMCPY 1
#define HAVE_GETTIMEOFDAY 1
#define HAVE_MEMSET 1
#define HAVE_SOCKET 1
#define HAVE_SQRT 1
#define HAVE_STRERROR 1
#define HAVE_STRTOUL 1
#define HAVE_MEMSET 1
#define H_ERRNO_DECLARED 1
#define HAVE_GETADDRINFO 1
#define HAVE_GETNAMEINFO 1

configure: exit 0
