This file contains any messages produced by compilers while
running configure, to aid debugging if configure makes a mistake.

It was created by librt configure 1.0, which was
generated by GNU Autoconf 2.69.  Invocation command line was

  $ ./configure 

## --------- ##
## Platform. ##
## --------- ##

hostname = localhost.localdomain
uname -m = x86_64
uname -r = 3.10.0-693.el7.x86_64
uname -s = Linux
uname -v = #1 SMP Tue Aug 22 21:09:27 UTC 2017

/usr/bin/uname -p = x86_64
/bin/uname -X     = unknown

/bin/arch              = x86_64
/usr/bin/arch -k       = unknown
/usr/convex/getsysinfo = unknown
/usr/bin/hostinfo      = unknown
/bin/machine           = unknown
/usr/bin/oslevel       = unknown
/bin/universe          = unknown

PATH: /usr/local/java/jdk1.8.0_144/bin
PATH: /usr/local/bin
PATH: /usr/bin
PATH: /usr/local/sbin
PATH: /usr/sbin
PATH: /usr/local/snmp/bin
PATH: /opt/dpdk-stable-18.02.2/build/app
PATH: /home/RongTao/.local/bin
PATH: /home/RongTao/bin


## ----------- ##
## Core tests. ##
## ----------- ##

configure:2075: checking for a BSD-compatible install
configure:2143: result: /usr/bin/install -c
configure:2154: checking whether build environment is sane
configure:2209: result: yes
configure:2360: checking for a thread-safe mkdir -p
configure:2399: result: /usr/bin/mkdir -p
configure:2406: checking for gawk
configure:2422: found /usr/bin/gawk
configure:2433: result: gawk
configure:2444: checking whether make sets $(MAKE)
configure:2466: result: yes
configure:2495: checking whether make supports nested variables
configure:2512: result: yes
configure:2650: checking for gcc
configure:2666: found /usr/bin/gcc
configure:2677: result: gcc
configure:2906: checking for C compiler version
configure:2915: gcc --version >&5
gcc (GCC) 4.8.5 20150623 (Red Hat 4.8.5-16)
Copyright (C) 2015 Free Software Foundation, Inc.
This is free software; see the source for copying conditions.  There is NO
warranty; not even for MERCHANTABILITY or FITNESS FOR A PARTICULAR PURPOSE.

configure:2926: $? = 0
configure:2915: gcc -v >&5
Using built-in specs.
COLLECT_GCC=gcc
COLLECT_LTO_WRAPPER=/usr/libexec/gcc/x86_64-redhat-linux/4.8.5/lto-wrapper
Target: x86_64-redhat-linux
Configured with: ../configure --prefix=/usr --mandir=/usr/share/man --infodir=/usr/share/info --with-bugurl=http://bugzilla.redhat.com/bugzilla --enable-bootstrap --enable-shared --enable-threads=posix --enable-checking=release --with-system-zlib --enable-__cxa_atexit --disable-libunwind-exceptions --enable-gnu-unique-object --enable-linker-build-id --with-linker-hash-style=gnu --enable-languages=c,c++,objc,obj-c++,java,fortran,ada,go,lto --enable-plugin --enable-initfini-array --disable-libgcj --with-isl=/builddir/build/BUILD/gcc-4.8.5-20150702/obj-x86_64-redhat-linux/isl-install --with-cloog=/builddir/build/BUILD/gcc-4.8.5-20150702/obj-x86_64-redhat-linux/cloog-install --enable-gnu-indirect-function --with-tune=generic --with-arch_32=x86-64 --build=x86_64-redhat-linux
Thread model: posix
gcc version 4.8.5 20150623 (Red Hat 4.8.5-16) (GCC) 
configure:2926: $? = 0
configure:2915: gcc -V >&5
gcc: error: unrecognized command line option '-V'
gcc: fatal error: no input files
compilation terminated.
configure:2926: $? = 4
configure:2915: gcc -qversion >&5
gcc: error: unrecognized command line option '-qversion'
gcc: fatal error: no input files
compilation terminated.
configure:2926: $? = 4
configure:2946: checking whether the C compiler works
configure:2968: gcc    conftest.c  >&5
configure:2972: $? = 0
configure:3020: result: yes
configure:3023: checking for C compiler default output file name
configure:3025: result: a.out
configure:3031: checking for suffix of executables
configure:3038: gcc -o conftest    conftest.c  >&5
configure:3042: $? = 0
configure:3064: result: 
configure:3086: checking whether we are cross compiling
configure:3094: gcc -o conftest    conftest.c  >&5
configure:3098: $? = 0
configure:3105: ./conftest
configure:3109: $? = 0
configure:3124: result: no
configure:3129: checking for suffix of object files
configure:3151: gcc -c   conftest.c >&5
configure:3155: $? = 0
configure:3176: result: o
configure:3180: checking whether we are using the GNU C compiler
configure:3199: gcc -c   conftest.c >&5
configure:3199: $? = 0
configure:3208: result: yes
configure:3217: checking whether gcc accepts -g
configure:3237: gcc -c -g  conftest.c >&5
configure:3237: $? = 0
configure:3278: result: yes
configure:3295: checking for gcc option to accept ISO C89
configure:3358: gcc  -c -g -O2  conftest.c >&5
configure:3358: $? = 0
configure:3371: result: none needed
configure:3402: checking for style of include used by make
configure:3430: result: GNU
configure:3456: checking dependency style of gcc
configure:3567: result: gcc3
configure:3592: checking how to run the C preprocessor
configure:3623: gcc -E  conftest.c
configure:3623: $? = 0
configure:3637: gcc -E  conftest.c
conftest.c:11:28: fatal error: ac_nonexistent.h: No such file or directory
 #include <ac_nonexistent.h>
                            ^
compilation terminated.
configure:3637: $? = 1
configure: failed program was:
| /* confdefs.h */
| #define PACKAGE_NAME "librt"
| #define PACKAGE_TARNAME "librt"
| #define PACKAGE_VERSION "1.0"
| #define PACKAGE_STRING "librt 1.0"
| #define PACKAGE_BUGREPORT "RongTao@sylincom.com"
| #define PACKAGE_URL ""
| #define PACKAGE "librt"
| #define VERSION "1.0"
| /* end confdefs.h.  */
| #include <ac_nonexistent.h>
configure:3662: result: gcc -E
configure:3682: gcc -E  conftest.c
configure:3682: $? = 0
configure:3696: gcc -E  conftest.c
conftest.c:11:28: fatal error: ac_nonexistent.h: No such file or directory
 #include <ac_nonexistent.h>
                            ^
compilation terminated.
configure:3696: $? = 1
configure: failed program was:
| /* confdefs.h */
| #define PACKAGE_NAME "librt"
| #define PACKAGE_TARNAME "librt"
| #define PACKAGE_VERSION "1.0"
| #define PACKAGE_STRING "librt 1.0"
| #define PACKAGE_BUGREPORT "RongTao@sylincom.com"
| #define PACKAGE_URL ""
| #define PACKAGE "librt"
| #define VERSION "1.0"
| /* end confdefs.h.  */
| #include <ac_nonexistent.h>
configure:3725: checking for grep that handles long lines and -e
configure:3783: result: /usr/bin/grep
configure:3788: checking for egrep
configure:3850: result: /usr/bin/grep -E
configure:3855: checking for ANSI C header files
configure:3875: gcc -c -g -O2  conftest.c >&5
configure:3875: $? = 0
configure:3948: gcc -o conftest -g -O2   conftest.c  >&5
configure:3948: $? = 0
configure:3948: ./conftest
configure:3948: $? = 0
configure:3959: result: yes
configure:3972: checking for sys/types.h
configure:3972: gcc -c -g -O2  conftest.c >&5
configure:3972: $? = 0
configure:3972: result: yes
configure:3972: checking for sys/stat.h
configure:3972: gcc -c -g -O2  conftest.c >&5
configure:3972: $? = 0
configure:3972: result: yes
configure:3972: checking for stdlib.h
configure:3972: gcc -c -g -O2  conftest.c >&5
configure:3972: $? = 0
configure:3972: result: yes
configure:3972: checking for string.h
configure:3972: gcc -c -g -O2  conftest.c >&5
configure:3972: $? = 0
configure:3972: result: yes
configure:3972: checking for memory.h
configure:3972: gcc -c -g -O2  conftest.c >&5
configure:3972: $? = 0
configure:3972: result: yes
configure:3972: checking for strings.h
configure:3972: gcc -c -g -O2  conftest.c >&5
configure:3972: $? = 0
configure:3972: result: yes
configure:3972: checking for inttypes.h
configure:3972: gcc -c -g -O2  conftest.c >&5
configure:3972: $? = 0
configure:3972: result: yes
configure:3972: checking for stdint.h
configure:3972: gcc -c -g -O2  conftest.c >&5
configure:3972: $? = 0
configure:3972: result: yes
configure:3972: checking for unistd.h
configure:3972: gcc -c -g -O2  conftest.c >&5
configure:3972: $? = 0
configure:3972: result: yes
configure:3987: checking for stdlib.h
configure:3987: result: yes
configure:3987: checking for string.h
configure:3987: result: yes
configure:4113: checking that generated files are newer than configure
configure:4119: result: done
configure:4142: creating ./config.status

## ---------------------- ##
## Running config.status. ##
## ---------------------- ##

This file was extended by librt config.status 1.0, which was
generated by GNU Autoconf 2.69.  Invocation command line was

  CONFIG_FILES    = 
  CONFIG_HEADERS  = 
  CONFIG_LINKS    = 
  CONFIG_COMMANDS = 
  $ ./config.status 

on localhost.localdomain

config.status:854: creating Makefile
config.status:854: creating config.h
config.status:1083: executing depfiles commands

## ---------------- ##
## Cache variables. ##
## ---------------- ##

ac_cv_c_compiler_gnu=yes
ac_cv_env_CC_set=
ac_cv_env_CC_value=
ac_cv_env_CFLAGS_set=
ac_cv_env_CFLAGS_value=
ac_cv_env_CPPFLAGS_set=
ac_cv_env_CPPFLAGS_value=
ac_cv_env_CPP_set=
ac_cv_env_CPP_value=
ac_cv_env_LDFLAGS_set=
ac_cv_env_LDFLAGS_value=
ac_cv_env_LIBS_set=
ac_cv_env_LIBS_value=
ac_cv_env_build_alias_set=
ac_cv_env_build_alias_value=
ac_cv_env_host_alias_set=
ac_cv_env_host_alias_value=
ac_cv_env_target_alias_set=
ac_cv_env_target_alias_value=
ac_cv_header_inttypes_h=yes
ac_cv_header_memory_h=yes
ac_cv_header_stdc=yes
ac_cv_header_stdint_h=yes
ac_cv_header_stdlib_h=yes
ac_cv_header_string_h=yes
ac_cv_header_strings_h=yes
ac_cv_header_sys_stat_h=yes
ac_cv_header_sys_types_h=yes
ac_cv_header_unistd_h=yes
ac_cv_objext=o
ac_cv_path_EGREP='/usr/bin/grep -E'
ac_cv_path_GREP=/usr/bin/grep
ac_cv_path_install='/usr/bin/install -c'
ac_cv_path_mkdir=/usr/bin/mkdir
ac_cv_prog_AWK=gawk
ac_cv_prog_CPP='gcc -E'
ac_cv_prog_ac_ct_CC=gcc
ac_cv_prog_cc_c89=
ac_cv_prog_cc_g=yes
ac_cv_prog_make_make_set=yes
am_cv_CC_dependencies_compiler_type=gcc3
am_cv_make_support_nested_variables=yes

## ----------------- ##
## Output variables. ##
## ----------------- ##

ACLOCAL='${SHELL} /home/RongTao/test/configure/t3/missing aclocal-1.13'
AMDEPBACKSLASH='\'
AMDEP_FALSE='#'
AMDEP_TRUE=''
AMTAR='$${TAR-tar}'
AM_BACKSLASH='\'
AM_DEFAULT_V='$(AM_DEFAULT_VERBOSITY)'
AM_DEFAULT_VERBOSITY='1'
AM_V='$(V)'
AUTOCONF='${SHELL} /home/RongTao/test/configure/t3/missing autoconf'
AUTOHEADER='${SHELL} /home/RongTao/test/configure/t3/missing autoheader'
AUTOMAKE='${SHELL} /home/RongTao/test/configure/t3/missing automake-1.13'
AWK='gawk'
CC='gcc'
CCDEPMODE='depmode=gcc3'
CFLAGS='-g -O2'
CPP='gcc -E'
CPPFLAGS=''
CYGPATH_W='echo'
DEFS='-DHAVE_CONFIG_H'
DEPDIR='.deps'
ECHO_C=''
ECHO_N='-n'
ECHO_T=''
EGREP='/usr/bin/grep -E'
EXEEXT=''
GREP='/usr/bin/grep'
INSTALL_DATA='${INSTALL} -m 644'
INSTALL_PROGRAM='${INSTALL}'
INSTALL_SCRIPT='${INSTALL}'
INSTALL_STRIP_PROGRAM='$(install_sh) -c -s'
LDFLAGS=''
LIBOBJS=''
LIBS=''
LTLIBOBJS=''
MAKEINFO='${SHELL} /home/RongTao/test/configure/t3/missing makeinfo'
MKDIR_P='/usr/bin/mkdir -p'
OBJEXT='o'
PACKAGE='librt'
PACKAGE_BUGREPORT='RongTao@sylincom.com'
PACKAGE_NAME='librt'
PACKAGE_STRING='librt 1.0'
PACKAGE_TARNAME='librt'
PACKAGE_URL=''
PACKAGE_VERSION='1.0'
PATH_SEPARATOR=':'
SET_MAKE=''
SHELL='/bin/sh'
STRIP=''
VERSION='1.0'
ac_ct_CC='gcc'
am__EXEEXT_FALSE=''
am__EXEEXT_TRUE='#'
am__fastdepCC_FALSE='#'
am__fastdepCC_TRUE=''
am__include='include'
am__isrc=''
am__leading_dot='.'
am__nodep='_no'
am__quote=''
am__tar='$${TAR-tar} chof - "$$tardir"'
am__untar='$${TAR-tar} xf -'
bindir='${exec_prefix}/bin'
build_alias=''
datadir='${datarootdir}'
datarootdir='${prefix}/share'
docdir='${datarootdir}/doc/${PACKAGE_TARNAME}'
dvidir='${docdir}'
exec_prefix='${prefix}'
host_alias=''
htmldir='${docdir}'
includedir='${prefix}/include'
infodir='${datarootdir}/info'
install_sh='${SHELL} /home/RongTao/test/configure/t3/install-sh'
libdir='${exec_prefix}/lib'
libexecdir='${exec_prefix}/libexec'
localedir='${datarootdir}/locale'
localstatedir='${prefix}/var'
mandir='${datarootdir}/man'
mkdir_p='$(MKDIR_P)'
oldincludedir='/usr/include'
pdfdir='${docdir}'
prefix='/usr/local'
program_transform_name='s,x,x,'
psdir='${docdir}'
sbindir='${exec_prefix}/sbin'
sharedstatedir='${prefix}/com'
sysconfdir='${prefix}/etc'
target_alias=''

## ----------- ##
## confdefs.h. ##
## ----------- ##

/* confdefs.h */
#define PACKAGE_NAME "librt"
#define PACKAGE_TARNAME "librt"
#define PACKAGE_VERSION "1.0"
#define PACKAGE_STRING "librt 1.0"
#define PACKAGE_BUGREPORT "RongTao@sylincom.com"
#define PACKAGE_URL ""
#define PACKAGE "librt"
#define VERSION "1.0"
#define STDC_HEADERS 1
#define HAVE_SYS_TYPES_H 1
#define HAVE_SYS_STAT_H 1
#define HAVE_STDLIB_H 1
#define HAVE_STRING_H 1
#define HAVE_MEMORY_H 1
#define HAVE_STRINGS_H 1
#define HAVE_INTTYPES_H 1
#define HAVE_STDINT_H 1
#define HAVE_UNISTD_H 1
#define HAVE_STDLIB_H 1
#define HAVE_STRING_H 1

configure: exit 0
